2024-07-11 20:10:47,457 [INFO] I2cTimingTraitement:330 - 0x00201D2B
2024-07-11 20:10:47,754 [INFO] I2cTimingTraitement:330 - 0x00201D2B
2024-07-11 20:13:31,307 [INFO] I2cTimingTraitement:330 - 0x00201D2B
2024-07-11 20:13:31,512 [INFO] I2cTimingTraitement:330 - 0x00201D2B
2024-07-11 20:45:08,099 [INFO] UtilMem:75 - End SaveConfig() Used Memory: 501170856 Bytes (790626304)
2024-07-11 20:45:11,356 [INFO] UtilMem:75 - End SaveConfig() Used Memory: 516702656 Bytes (790626304)
2024-07-11 20:45:14,618 [INFO] UtilMem:75 - End SaveConfig() Used Memory: 579814056 Bytes (790626304)
2024-07-11 20:45:15,035 [INFO] BlockDiagram:2766 - set Specific Code input for plugin: NVIC
2024-07-11 20:45:15,036 [INFO] BlockDiagram:2766 - set Specific Code input for plugin: USART
2024-07-11 20:45:15,036 [INFO] BlockDiagram:2766 - set Specific Code input for plugin: SYS
2024-07-11 20:45:15,036 [INFO] BlockDiagram:2766 - set Specific Code input for plugin: GPIO
2024-07-11 20:45:15,036 [INFO] BlockDiagram:2766 - set Specific Code input for plugin: RCC
2024-07-11 20:45:15,036 [INFO] BlockDiagram:2766 - set Specific Code input for plugin: I2C
2024-07-11 20:45:15,038 [INFO] CodeGenerator:807 - code generatio: config db path: C:\ST\STM32CubeIDE_1.16.0\STM32CubeIDE\plugins\com.st.stm32cube.common.mx_6.12.0.202406281431\\db\
2024-07-11 20:45:15,252 [INFO] CodeEngine:255 - oldGeneratedFile, C:\Users\Quinn\Desktop\DoorLock\DoorLock\MXTmpFiles\license.tmp_save
2024-07-11 20:45:15,456 [INFO] CodeEngine:279 - Generated code: C:\Users\Quinn\Desktop\DoorLock\DoorLock\MXTmpFiles\license.tmp
2024-07-11 20:45:15,603 [INFO] CodeEngine:255 - oldGeneratedFile, C:\Users\Quinn\Desktop\DoorLock\DoorLock\MXTmpFiles\gpio.tmp_save
2024-07-11 20:45:15,777 [INFO] CodeEngine:279 - Generated code: C:\Users\Quinn\Desktop\DoorLock\DoorLock\MXTmpFiles\gpio.tmp
2024-07-11 20:45:16,144 [INFO] CodeEngine:255 - oldGeneratedFile, C:\Users\Quinn\Desktop\DoorLock\DoorLock\Core\Src\stm32f3xx_it.c_save
2024-07-11 20:45:16,396 [INFO] CodeEngine:279 - Generated code: C:\Users\Quinn\Desktop\DoorLock\DoorLock\Core\Src\stm32f3xx_it.c
2024-07-11 20:45:16,432 [INFO] CodeEngine:255 - oldGeneratedFile, C:\Users\Quinn\Desktop\DoorLock\DoorLock\Core\Inc\stm32f3xx_it.h_save
2024-07-11 20:45:16,548 [INFO] CodeEngine:279 - Generated code: C:\Users\Quinn\Desktop\DoorLock\DoorLock\Core\Inc\stm32f3xx_it.h
2024-07-11 20:45:16,601 [INFO] CodeEngine:255 - oldGeneratedFile, C:\Users\Quinn\Desktop\DoorLock\DoorLock\Core\Src\stm32f3xx_hal_msp.c_save
2024-07-11 20:45:16,824 [INFO] CodeEngine:279 - Generated code: C:\Users\Quinn\Desktop\DoorLock\DoorLock\Core\Src\stm32f3xx_hal_msp.c
2024-07-11 20:45:16,851 [INFO] CodeEngine:255 - oldGeneratedFile, C:\Users\Quinn\Desktop\DoorLock\DoorLock\MXTmpFiles\system.tmp_save
2024-07-11 20:45:16,947 [INFO] CodeEngine:279 - Generated code: C:\Users\Quinn\Desktop\DoorLock\DoorLock\MXTmpFiles\system.tmp
2024-07-11 20:45:16,994 [INFO] CodeEngine:311 - oldGeneratedFile, C:\Users\Quinn\Desktop\DoorLock\DoorLock\Core\Inc\stm32f3xx_hal_conf.h_save
2024-07-11 20:45:17,124 [INFO] CodeEngine:335 - Generated code: C:\Users\Quinn\Desktop\DoorLock\DoorLock\Core\Inc\stm32f3xx_hal_conf.h
2024-07-11 20:45:17,185 [INFO] CodeEngine:255 - oldGeneratedFile, C:\Users\Quinn\Desktop\DoorLock\DoorLock\Core\Inc\main.h_save
2024-07-11 20:45:17,332 [INFO] CodeEngine:279 - Generated code: C:\Users\Quinn\Desktop\DoorLock\DoorLock\Core\Inc\main.h
2024-07-11 20:45:17,372 [INFO] CodeEngine:255 - oldGeneratedFile, C:\Users\Quinn\Desktop\DoorLock\DoorLock\Core\Src\main.c_save
2024-07-11 20:45:17,587 [INFO] CodeEngine:279 - Generated code: C:\Users\Quinn\Desktop\DoorLock\DoorLock\Core\Src\main.c
2024-07-11 20:45:18,097 [INFO] ProjectBuilder:3249 - Time for Copy HAL[1] : 249mS.
2024-07-11 20:45:18,102 [INFO] ProjectBuilder:4828 - Project Generator version: 4.4.0-B60
2024-07-11 20:45:18,212 [INFO] ConfigFileManager:1531 - The Die is : DIE438
2024-07-11 20:45:19,987 [INFO] ProjectBuilder:5097 - Time for Generating toolchain IDE Files: 1884mS.
2024-07-11 20:45:19,988 [INFO] ProjectBuilder:3107 - Time for Copy CMSIS : 1mS.
2024-07-11 20:45:19,991 [INFO] ProjectBuilder:3107 - Time for Copy CMSIS : 0mS.
2024-07-11 21:11:58,516 [INFO] I2cTimingTraitement:330 - 0x00201D2B
