2024-08-03 13:05:17,491 [INFO] Activator:176 - 


2024-08-03 13:05:17,500 [INFO] Activator:177 - !SESSION log4j initialized
2024-08-03 13:05:26,300 [INFO] LogOutputStream:77 - [STDOUT_REDIRECT] 
2024-08-03 13:05:27,903 [INFO] ApplicationProperties:184 - Using Application install path: C:\ST\STM32CubeIDE_1.16.0\STM32CubeIDE\plugins\com.st.stm32cube.common.mx_6.12.0.202406281431
2024-08-03 13:05:27,927 [INFO] DbMcusXml:78 - Set database path to: C:\ST\STM32CubeIDE_1.16.0\STM32CubeIDE\plugins\com.st.stm32cube.common.mx_6.12.0.202406281431\\db\/mcu/
2024-08-03 13:05:27,927 [INFO] ApiDb:274 - Set plugin database path to: C:\ST\STM32CubeIDE_1.16.0\STM32CubeIDE\plugins\com.st.stm32cube.common.mx_6.12.0.202406281431\\db\/plugins/boardmanager/
2024-08-03 13:05:27,928 [WARN] ApiDb:259 - Overriding images path with different value:  => C:\ST\STM32CubeIDE_1.16.0\STM32CubeIDE\plugins\com.st.stm32cube.common.mx_6.12.0.202406281431\\db\/plugins/mcufinder/images/
2024-08-03 13:05:27,949 [INFO] ApiDb:250 - Set database path to: C:\Users\Quinn\.stmcufinder\plugins\mcufinder//mcu/
2024-08-03 13:05:27,951 [INFO] DbMcusAds:125 - Set database path to: C:\Users\Quinn\.stmcufinder\plugins\mcufinder//mcu/
2024-08-03 13:05:27,956 [INFO] CrossReferenceDbSqlite:203 - Set database path to: C:\Users\Quinn\.stmcufinder\plugins\mcufinder//mcu/cs/
2024-08-03 13:05:28,107 [INFO] RulesReader:64 - Compatibility file has been processed (297 Rules)
2024-08-03 13:05:28,216 [INFO] DbMcusXml:78 - Set database path to: C:\ST\STM32CubeIDE_1.16.0\STM32CubeIDE\plugins\com.st.stm32cube.common.mx_6.12.0.202406281431\\db\/mcu/
2024-08-03 13:05:28,216 [INFO] ApiDb:274 - Set plugin database path to: C:\ST\STM32CubeIDE_1.16.0\STM32CubeIDE\plugins\com.st.stm32cube.common.mx_6.12.0.202406281431\\db\/plugins/boardmanager/
2024-08-03 13:05:28,216 [INFO] ApiDb:261 - Set plugin images path to: C:\ST\STM32CubeIDE_1.16.0\STM32CubeIDE\plugins\com.st.stm32cube.common.mx_6.12.0.202406281431\\db\/plugins/mcufinder/images/
2024-08-03 13:05:28,217 [WARN] DbFile:41 - Overriding database path with different value: C:\Users\Quinn\.stmcufinder\plugins\mcufinder/ => C:\Users\Quinn\.stmcufinder\plugins\mcufinder
2024-08-03 13:05:28,217 [INFO] ApiDb:250 - Set database path to: C:\Users\Quinn\.stmcufinder\plugins\mcufinder//mcu/
2024-08-03 13:05:28,217 [WARN] DbFile:41 - Overriding database path with different value: C:\Users\Quinn\.stmcufinder\plugins\mcufinder/ => C:\Users\Quinn\.stmcufinder\plugins\mcufinder
2024-08-03 13:05:28,217 [INFO] DbMcusAds:125 - Set database path to: C:\Users\Quinn\.stmcufinder\plugins\mcufinder//mcu/
2024-08-03 13:05:28,217 [WARN] DbFile:41 - Overriding database path with different value: C:\Users\Quinn\.stmcufinder\plugins\mcufinder/ => C:\Users\Quinn\.stmcufinder\plugins\mcufinder
2024-08-03 13:05:28,217 [WARN] DbFile:41 - Overriding database path with different value: C:\Users\Quinn\.stmcufinder\plugins\mcufinder/ => C:\Users\Quinn\.stmcufinder\plugins\mcufinder
2024-08-03 13:05:28,218 [INFO] CrossReferenceDbSqlite:203 - Set database path to: C:\Users\Quinn\.stmcufinder\plugins\mcufinder//mcu/cs/
2024-08-03 13:05:28,329 [INFO] MainPanel:268 - HeapMemory: 268435456
2024-08-03 13:05:28,480 [INFO] DbMcusXml:78 - Set database path to: C:\ST\STM32CubeIDE_1.16.0\STM32CubeIDE\plugins\com.st.stm32cube.common.mx_6.12.0.202406281431\\db\/mcu/
2024-08-03 13:05:28,480 [INFO] ApiDb:274 - Set plugin database path to: C:\ST\STM32CubeIDE_1.16.0\STM32CubeIDE\plugins\com.st.stm32cube.common.mx_6.12.0.202406281431\\db\/plugins/boardmanager/
2024-08-03 13:05:28,481 [INFO] ApiDb:261 - Set plugin images path to: C:\ST\STM32CubeIDE_1.16.0\STM32CubeIDE\plugins\com.st.stm32cube.common.mx_6.12.0.202406281431\\db\/plugins/mcufinder/images/
2024-08-03 13:05:28,481 [WARN] DbFile:41 - Overriding database path with different value: C:\Users\Quinn\.stmcufinder\plugins\mcufinder/ => C:\Users\Quinn\.stmcufinder\plugins\mcufinder
2024-08-03 13:05:28,482 [INFO] ApiDb:250 - Set database path to: C:\Users\Quinn\.stmcufinder\plugins\mcufinder//mcu/
2024-08-03 13:05:28,482 [WARN] DbFile:41 - Overriding database path with different value: C:\Users\Quinn\.stmcufinder\plugins\mcufinder/ => C:\Users\Quinn\.stmcufinder\plugins\mcufinder
2024-08-03 13:05:28,482 [INFO] DbMcusAds:125 - Set database path to: C:\Users\Quinn\.stmcufinder\plugins\mcufinder//mcu/
2024-08-03 13:05:28,482 [WARN] DbFile:41 - Overriding database path with different value: C:\Users\Quinn\.stmcufinder\plugins\mcufinder/ => C:\Users\Quinn\.stmcufinder\plugins\mcufinder
2024-08-03 13:05:28,482 [WARN] DbFile:41 - Overriding database path with different value: C:\Users\Quinn\.stmcufinder\plugins\mcufinder/ => C:\Users\Quinn\.stmcufinder\plugins\mcufinder
2024-08-03 13:05:28,482 [INFO] CrossReferenceDbSqlite:203 - Set database path to: C:\Users\Quinn\.stmcufinder\plugins\mcufinder//mcu/cs/
2024-08-03 13:05:28,506 [INFO] ApplicationProperties:184 - Using Application install path: C:\ST\STM32CubeIDE_1.16.0\STM32CubeIDE\plugins\com.st.stm32cube.common.mx_6.12.0.202406281431
2024-08-03 13:05:28,508 [INFO] PluginManage:196 - Search for loadable plugins [exclusion list=, ]
2024-08-03 13:05:28,510 [INFO] PluginManage:310 - Check plugin analytics
2024-08-03 13:05:28,761 [INFO] AnalyticsPlugin:253 - Accepted Software Licenses: STM32CubeMX.6.12.0
2024-08-03 13:05:28,761 [INFO] AnalyticsPlugin:255 - Accepted CMSIS Pack Licenses: 
2024-08-03 13:05:28,762 [INFO] AnalyticsPlugin:257 - Accepted Firmware Licenses: 
2024-08-03 13:05:28,765 [INFO] PluginManage:359 - Loaded plugin analytics (category:tool,tabindex:-1)
2024-08-03 13:05:28,766 [INFO] PluginManage:310 - Check plugin cadmodel
2024-08-03 13:05:28,783 [INFO] CADModel:105 - Init CAD model plugin
2024-08-03 13:05:28,784 [INFO] PluginManage:359 - Loaded plugin cadmodel (category:power,tabindex:5)
2024-08-03 13:05:28,784 [INFO] PluginManage:310 - Check plugin clock
2024-08-03 13:05:28,809 [INFO] PluginManage:359 - Loaded plugin clock (category:base,tabindex:2)
2024-08-03 13:05:28,809 [INFO] PluginManage:310 - Check plugin ddr
2024-08-03 13:05:28,813 [INFO] PluginManage:359 - Loaded plugin ddr (category:tool,tabindex:6)
2024-08-03 13:05:28,813 [INFO] PluginManage:310 - Check plugin filemanager
2024-08-03 13:05:29,004 [INFO] PluginManage:359 - Loaded plugin filemanager (category:base,tabindex:10)
2024-08-03 13:05:29,005 [INFO] PluginManage:310 - Check plugin ipmanager
2024-08-03 13:05:29,016 [INFO] PluginManage:359 - Loaded plugin ipmanager (category:base,tabindex:5)
2024-08-03 13:05:29,016 [INFO] PluginManage:310 - Check plugin lpbam
2024-08-03 13:05:29,040 [INFO] PluginManage:359 - Loaded plugin lpbam (category:base,tabindex:0)
2024-08-03 13:05:29,041 [INFO] PluginManage:310 - Check plugin memorymap
2024-08-03 13:05:29,073 [INFO] PluginManage:359 - Loaded plugin memorymap (category:base,tabindex:4)
2024-08-03 13:05:29,073 [INFO] PluginManage:310 - Check plugin pinoutandconfiguration
2024-08-03 13:05:29,093 [INFO] PluginManage:359 - Loaded plugin pinoutandconfiguration (category:base,tabindex:1)
2024-08-03 13:05:29,093 [INFO] PluginManage:310 - Check plugin pinoutconfig
2024-08-03 13:05:29,207 [WARN] SupportedApi:132 - Cannot load RTOS API schema: s4s-elt-must-match.1: The content of 'definitions' must match (annotation?, (simpleType | complexType)?, (unique | key | keyref)*)). A problem was found starting at: attribute.
2024-08-03 13:05:29,398 [INFO] PluginManage:359 - Loaded plugin pinoutconfig (category:base,tabindex:0)
2024-08-03 13:05:29,398 [INFO] PluginManage:310 - Check plugin power
2024-08-03 13:05:29,429 [INFO] PluginManage:359 - Loaded plugin power (category:power,tabindex:4)
2024-08-03 13:05:29,430 [INFO] PluginManage:310 - Check plugin projectmanager
2024-08-03 13:05:29,455 [INFO] PluginManage:359 - Loaded plugin projectmanager (category:projectmanager,tabindex:4)
2024-08-03 13:05:29,455 [INFO] PluginManage:310 - Check plugin rif
2024-08-03 13:05:29,476 [INFO] PluginManage:359 - Loaded plugin rif (category:base,tabindex:3)
2024-08-03 13:05:29,477 [INFO] PluginManage:310 - Check plugin thirdparty
2024-08-03 13:05:29,879 [INFO] PluginManage:359 - Loaded plugin thirdparty (category:base,tabindex:-1)
2024-08-03 13:05:29,879 [WARN] IntegrityCheckThread:84 - waiting for thirdparty lock release [integrity check]
2024-08-03 13:05:29,880 [INFO] PluginManage:310 - Check plugin tools
2024-08-03 13:05:29,880 [INFO] IntegrityCheckThread:86 - entering critical section [integrity check]
2024-08-03 13:05:29,880 [INFO] ThirdPartyUpdaterWithRetryManager:70 - Updater plugin not ready yet. [1/15]
2024-08-03 13:05:29,933 [INFO] PluginManage:359 - Loaded plugin tools (category:base,tabindex:7)
2024-08-03 13:05:29,934 [INFO] PluginManage:310 - Check plugin tutovideos
2024-08-03 13:05:30,185 [INFO] PluginManage:359 - Loaded plugin tutovideos (category:base,tabindex:-1)
2024-08-03 13:05:30,186 [INFO] PluginManage:310 - Check plugin updater
2024-08-03 13:05:30,209 [INFO] PluginManage:359 - Loaded plugin updater (category:base,tabindex:12)
2024-08-03 13:05:30,209 [INFO] PluginManage:310 - Check plugin userauth
2024-08-03 13:05:30,217 [INFO] UserAuth:113 - Init User Auth plugin
2024-08-03 13:05:30,217 [INFO] PluginManage:359 - Loaded plugin userauth (category:base,tabindex:14)
2024-08-03 13:05:30,217 [INFO] PluginManage:283 - PluginManage : Loaded plugins [18]
2024-08-03 13:05:30,512 [INFO] PinOutPanel:1561 - setPackage(No Configuration,No Configuration)
2024-08-03 13:05:30,631 [INFO] CADModel:165 - CPN selected for project level
2024-08-03 13:05:30,632 [INFO] CADModel:114 - Register for checkConnection events
2024-08-03 13:05:30,665 [INFO] IPUIPlugin:80 - create IPUIPlugin
2024-08-03 13:05:30,665 [INFO] PluginManager:220 - loadIPPluginJar : add adc
2024-08-03 13:05:30,709 [INFO] IPUIPlugin:80 - create IPUIPlugin
2024-08-03 13:05:30,709 [INFO] PluginManager:220 - loadIPPluginJar : add aes
2024-08-03 13:05:30,761 [INFO] IPUIPlugin:80 - create IPUIPlugin
2024-08-03 13:05:30,761 [INFO] PluginManager:220 - loadIPPluginJar : add can
2024-08-03 13:05:30,793 [INFO] IPUIPlugin:80 - create IPUIPlugin
2024-08-03 13:05:30,793 [INFO] PluginManager:220 - loadIPPluginJar : add comp
2024-08-03 13:05:30,840 [INFO] IPUIPlugin:80 - create IPUIPlugin
2024-08-03 13:05:30,840 [INFO] PluginManager:220 - loadIPPluginJar : add cryp
2024-08-03 13:05:30,854 [INFO] IPUIPlugin:80 - create IPUIPlugin
2024-08-03 13:05:30,854 [INFO] PluginManager:220 - loadIPPluginJar : add ddr_ctrl_phy
2024-08-03 13:05:30,890 [INFO] IPUIPlugin:80 - create IPUIPlugin
2024-08-03 13:05:30,890 [INFO] PluginManager:220 - loadIPPluginJar : add dfsdm
2024-08-03 13:05:30,907 [INFO] IPUIPlugin:80 - create IPUIPlugin
2024-08-03 13:05:30,907 [INFO] PluginManager:220 - loadIPPluginJar : add dma
2024-08-03 13:05:30,965 [INFO] IPUIPlugin:80 - create IPUIPlugin
2024-08-03 13:05:30,966 [INFO] PluginManager:220 - loadIPPluginJar : add dma3
2024-08-03 13:05:31,021 [INFO] IPUIPlugin:80 - create IPUIPlugin
2024-08-03 13:05:31,021 [INFO] PluginManager:220 - loadIPPluginJar : add extmemmanager
2024-08-03 13:05:31,047 [INFO] IPUIPlugin:80 - create IPUIPlugin
2024-08-03 13:05:31,047 [INFO] PluginManager:220 - loadIPPluginJar : add fatfs
2024-08-03 13:05:31,104 [INFO] IPUIPlugin:80 - create IPUIPlugin
2024-08-03 13:05:31,105 [INFO] PluginManager:220 - loadIPPluginJar : add fmc
2024-08-03 13:05:31,123 [INFO] IPUIPlugin:80 - create IPUIPlugin
2024-08-03 13:05:31,124 [INFO] PluginManager:220 - loadIPPluginJar : add freertos
2024-08-03 13:05:31,151 [INFO] IPUIPlugin:80 - create IPUIPlugin
2024-08-03 13:05:31,151 [INFO] PluginManager:220 - loadIPPluginJar : add genericplugin
2024-08-03 13:05:31,280 [INFO] IPUIPlugin:80 - create IPUIPlugin
2024-08-03 13:05:31,280 [INFO] PluginManager:220 - loadIPPluginJar : add gfxmmu
2024-08-03 13:05:31,454 [INFO] IPUIPlugin:80 - create IPUIPlugin
2024-08-03 13:05:31,455 [INFO] PluginManager:220 - loadIPPluginJar : add gic
2024-08-03 13:05:31,486 [INFO] IPUIPlugin:80 - create IPUIPlugin
2024-08-03 13:05:31,486 [INFO] PluginManager:220 - loadIPPluginJar : add gpio
2024-08-03 13:05:31,596 [INFO] IPUIPlugin:80 - create IPUIPlugin
2024-08-03 13:05:31,596 [INFO] PluginManager:220 - loadIPPluginJar : add gtzc
2024-08-03 13:05:31,638 [INFO] IPUIPlugin:80 - create IPUIPlugin
2024-08-03 13:05:31,638 [INFO] PluginManager:220 - loadIPPluginJar : add hash
2024-08-03 13:05:31,704 [INFO] IPUIPlugin:80 - create IPUIPlugin
2024-08-03 13:05:31,704 [INFO] PluginManager:220 - loadIPPluginJar : add i2c
2024-08-03 13:05:31,756 [INFO] IPUIPlugin:80 - create IPUIPlugin
2024-08-03 13:05:31,756 [INFO] PluginManager:220 - loadIPPluginJar : add i2s
2024-08-03 13:05:31,809 [INFO] IPUIPlugin:80 - create IPUIPlugin
2024-08-03 13:05:31,809 [INFO] PluginManager:220 - loadIPPluginJar : add i3c
2024-08-03 13:05:31,928 [INFO] IPUIPlugin:80 - create IPUIPlugin
2024-08-03 13:05:31,928 [INFO] PluginManager:220 - loadIPPluginJar : add ipddr
2024-08-03 13:05:32,051 [INFO] IPUIPlugin:80 - create IPUIPlugin
2024-08-03 13:05:32,052 [INFO] PluginManager:220 - loadIPPluginJar : add linkedlist
2024-08-03 13:05:32,096 [INFO] IPUIPlugin:80 - create IPUIPlugin
2024-08-03 13:05:32,097 [INFO] PluginManager:220 - loadIPPluginJar : add lorawan
2024-08-03 13:05:32,142 [INFO] IPUIPlugin:80 - create IPUIPlugin
2024-08-03 13:05:32,142 [INFO] PluginManager:220 - loadIPPluginJar : add ltdc
2024-08-03 13:05:32,160 [INFO] IPUIPlugin:80 - create IPUIPlugin
2024-08-03 13:05:32,161 [INFO] PluginManager:220 - loadIPPluginJar : add mdma
2024-08-03 13:05:32,174 [INFO] IPUIPlugin:80 - create IPUIPlugin
2024-08-03 13:05:32,175 [INFO] PluginManager:220 - loadIPPluginJar : add nvic
2024-08-03 13:05:32,222 [INFO] IPUIPlugin:80 - create IPUIPlugin
2024-08-03 13:05:32,222 [INFO] PluginManager:220 - loadIPPluginJar : add opamp
2024-08-03 13:05:32,297 [INFO] IPUIPlugin:80 - create IPUIPlugin
2024-08-03 13:05:32,297 [INFO] PluginManager:220 - loadIPPluginJar : add openamp
2024-08-03 13:05:32,352 [INFO] IPUIPlugin:80 - create IPUIPlugin
2024-08-03 13:05:32,352 [INFO] PluginManager:220 - loadIPPluginJar : add pdm2pcm
2024-08-03 13:05:32,370 [INFO] IPUIPlugin:80 - create IPUIPlugin
2024-08-03 13:05:32,372 [INFO] PluginManager:220 - loadIPPluginJar : add plateformsettings
2024-08-03 13:05:32,401 [INFO] IPUIPlugin:80 - create IPUIPlugin
2024-08-03 13:05:32,401 [INFO] PluginManager:220 - loadIPPluginJar : add quadspi
2024-08-03 13:05:32,435 [INFO] IPUIPlugin:80 - create IPUIPlugin
2024-08-03 13:05:32,436 [INFO] PluginManager:220 - loadIPPluginJar : add radio
2024-08-03 13:05:32,453 [INFO] IPUIPlugin:80 - create IPUIPlugin
2024-08-03 13:05:32,453 [INFO] PluginManager:220 - loadIPPluginJar : add resmgrutility
2024-08-03 13:05:32,511 [INFO] IPUIPlugin:80 - create IPUIPlugin
2024-08-03 13:05:32,511 [INFO] PluginManager:220 - loadIPPluginJar : add sai
2024-08-03 13:05:32,559 [INFO] IPUIPlugin:80 - create IPUIPlugin
2024-08-03 13:05:32,559 [INFO] PluginManager:220 - loadIPPluginJar : add spi
2024-08-03 13:05:32,643 [INFO] IPUIPlugin:80 - create IPUIPlugin
2024-08-03 13:05:32,643 [INFO] PluginManager:220 - loadIPPluginJar : add stm32_wpan
2024-08-03 13:05:32,672 [INFO] IPUIPlugin:80 - create IPUIPlugin
2024-08-03 13:05:32,672 [INFO] PluginManager:220 - loadIPPluginJar : add tim
2024-08-03 13:05:32,743 [INFO] IPUIPlugin:80 - create IPUIPlugin
2024-08-03 13:05:32,744 [INFO] PluginManager:220 - loadIPPluginJar : add touchsensing
2024-08-03 13:05:32,771 [INFO] IPUIPlugin:80 - create IPUIPlugin
2024-08-03 13:05:32,772 [INFO] PluginManager:220 - loadIPPluginJar : add tracer_emb
2024-08-03 13:05:32,801 [INFO] IPUIPlugin:80 - create IPUIPlugin
2024-08-03 13:05:32,801 [INFO] PluginManager:220 - loadIPPluginJar : add ts
2024-08-03 13:05:32,829 [INFO] IPUIPlugin:80 - create IPUIPlugin
2024-08-03 13:05:32,829 [INFO] PluginManager:220 - loadIPPluginJar : add tsc
2024-08-03 13:05:32,861 [INFO] IPUIPlugin:80 - create IPUIPlugin
2024-08-03 13:05:32,861 [INFO] PluginManager:220 - loadIPPluginJar : add ucpd
2024-08-03 13:05:32,882 [INFO] ThirdPartyUpdaterWithRetryManager:70 - Updater plugin not ready yet. [2/15]
2024-08-03 13:05:32,930 [INFO] IPUIPlugin:80 - create IPUIPlugin
2024-08-03 13:05:32,930 [INFO] PluginManager:220 - loadIPPluginJar : add usart
2024-08-03 13:05:32,993 [INFO] IPUIPlugin:80 - create IPUIPlugin
2024-08-03 13:05:32,993 [INFO] PluginManager:220 - loadIPPluginJar : add usbx
2024-08-03 13:05:33,136 [INFO] CADModel:165 - CPN selected for project level
2024-08-03 13:05:33,136 [INFO] CADModel:114 - Register for checkConnection events
2024-08-03 13:05:33,137 [FATAL] Updater:334 - Updater called before beeing initialized
2024-08-03 13:05:33,137 [ERROR] CADModel:125 - Updater not yet initialized, retry later 
2024-08-03 13:05:33,339 [INFO] CADModel:165 - CPN selected for project level
2024-08-03 13:05:33,339 [INFO] CADModel:114 - Register for checkConnection events
2024-08-03 13:05:33,339 [FATAL] Updater:334 - Updater called before beeing initialized
2024-08-03 13:05:33,339 [ERROR] CADModel:125 - Updater not yet initialized, retry later 
2024-08-03 13:05:33,343 [FATAL] Updater:334 - Updater called before beeing initialized
2024-08-03 13:05:33,474 [FATAL] Updater:334 - Updater called before beeing initialized
2024-08-03 13:05:33,486 [INFO] DbMcusAds:53 - JSON generation date=Thu May 16 05:22:00 EDT 2024 (1715851320667)
2024-08-03 13:05:33,486 [FATAL] Updater:334 - Updater called before beeing initialized
2024-08-03 13:05:33,535 [WARN] DetailPanel:346 - Failed to get advertising image, set to default
2024-08-03 13:05:33,650 [FATAL] Updater:334 - Updater called before beeing initialized
2024-08-03 13:05:33,653 [FATAL] Updater:334 - Updater called before beeing initialized
2024-08-03 13:05:33,653 [FATAL] Updater:334 - Updater called before beeing initialized
2024-08-03 13:05:33,653 [WARN] DetailPanel:346 - Failed to get advertising image, set to default
2024-08-03 13:05:33,654 [FATAL] Updater:334 - Updater called before beeing initialized
2024-08-03 13:05:33,727 [ERROR] Updater:1164 - MainUpdater not yet initialized. External WinMGr cannot be set.
2024-08-03 13:05:33,742 [INFO] Updater:1100 - Updater Version found : 6.12.0
2024-08-03 13:05:33,767 [INFO] ApplicationProperties:184 - Using Application install path: C:\ST\STM32CubeIDE_1.16.0\STM32CubeIDE\plugins\com.st.stm32cube.common.mx_6.12.0.202406281431
2024-08-03 13:05:34,307 [INFO] MainUpdater:2873 - connection check result : 10
2024-08-03 13:05:34,308 [INFO] MainUpdater:290 - Updater Check For Update Now.
2024-08-03 13:05:34,309 [INFO] MicroXplorer:498 - Change Database Version : DB.6.0.120
2024-08-03 13:05:34,344 [INFO] McuFinderGlobals:63 - Set McuFinder mode to 2 (CubeIDE integrated)
2024-08-03 13:05:34,352 [INFO] UserAuth:417 - Internet connection configuration mode: 1
2024-08-03 13:05:34,416 [INFO] JxBrowserEngine:152 - Initiate JxBrowser Engine with user profile folder
2024-08-03 13:05:34,569 [INFO] CheckServerUpdateThread:120 - End of CheckServer Thread
2024-08-03 13:05:36,218 [WARN] PackLoader:240 - Cannot read IP mode file for STMicroelectronics.FP-SNS-MOTENVWB1.1.4.0
2024-08-03 13:05:36,245 [WARN] PackLoader:240 - Cannot read IP mode file for STMicroelectronics.X-CUBE-SMBUS.2.1.0
2024-08-03 13:05:36,293 [WARN] PackLoader:240 - Cannot read IP mode file for STMicroelectronics.X-CUBE-AZRTOS-F7.1.1.0
2024-08-03 13:05:36,322 [ERROR] RealEvaluatedCondition:428 - Found unsupported composite condition: GROUP='STM32_MetaDataManager' CLASS='Data Exchange'
2024-08-03 13:05:36,323 [ERROR] RealEvaluatedCondition:428 - Found unsupported composite condition: CLASS='Data Exchange' GROUP='STM32_MetaDataManager'
2024-08-03 13:05:36,325 [WARN] PackLoader:240 - Cannot read IP mode file for STMicroelectronics.FP-SNS-MOTENV1.4.3.0
2024-08-03 13:05:36,346 [WARN] PackLoader:240 - Cannot read IP mode file for STMicroelectronics.FP-SNS-FLIGHT1.5.0.0
2024-08-03 13:05:36,371 [WARN] PackLoader:240 - Cannot read IP mode file for STMicroelectronics.X-CUBE-BLE1.6.2.4
2024-08-03 13:05:36,388 [WARN] PackLoader:240 - Cannot read IP mode file for STMicroelectronics.FP-SNS-FLIGHT1.5.0.2
2024-08-03 13:05:36,407 [WARN] PackLoader:240 - Cannot read IP mode file for STMicroelectronics.X-CUBE-DISPLAY.3.0.0
2024-08-03 13:05:36,425 [WARN] PackLoader:240 - Cannot read IP mode file for STMicroelectronics.X-CUBE-BLE1.7.0.0
2024-08-03 13:05:36,444 [WARN] PackLoader:240 - Cannot read IP mode file for STMicroelectronics.X-CUBE-BLEMGR.3.1.0
2024-08-03 13:05:36,460 [WARN] PackLoader:240 - Cannot read IP mode file for STMicroelectronics.FP-SNS-SMARTAG2.1.2.0
2024-08-03 13:05:36,480 [INFO] LogOutputStream:77 - [STDOUT_REDIRECT] 1 : Invalid condition id : UX_CORESTACK_Condition cause : null
2024-08-03 13:05:36,480 [INFO] LogOutputStream:77 - [STDOUT_REDIRECT] 1 : Invalid condition id : UX_CORESTACK_Condition cause : null
2024-08-03 13:05:36,481 [INFO] LogOutputStream:77 - [STDOUT_REDIRECT] 1 : Invalid condition id : UX_CORESTACK_Condition cause : null
2024-08-03 13:05:36,483 [INFO] LogOutputStream:77 - [STDOUT_REDIRECT] 1 : Invalid condition id : UX_CORESTACK_Condition cause : null
2024-08-03 13:05:36,484 [INFO] LogOutputStream:77 - [STDOUT_REDIRECT] 1 : Invalid condition id : UX_CORESTACK_Condition cause : null
2024-08-03 13:05:36,486 [WARN] PackLoader:240 - Cannot read IP mode file for STMicroelectronics.X-CUBE-AZRTOS-WL.2.0.0
2024-08-03 13:05:36,501 [WARN] PackLoader:240 - Cannot read IP mode file for STMicroelectronics.FP-SNS-MOTENV1.5.0.0
2024-08-03 13:05:36,515 [WARN] PackLoader:240 - Cannot read IP mode file for wolfSSL.I-CUBE-wolfMQTT.1.19.0
2024-08-03 13:05:36,530 [WARN] PackLoader:240 - Cannot read IP mode file for WES.I-CUBE-Cesium.1.3.0
2024-08-03 13:05:36,543 [WARN] PackLoader:240 - Cannot read IP mode file for STMicroelectronics.X-CUBE-BLE2.3.3.0
2024-08-03 13:05:36,564 [WARN] PackLoader:240 - Cannot read IP mode file for STMicroelectronics.X-CUBE-TOF1.3.2.0
2024-08-03 13:05:36,589 [WARN] PackLoader:240 - Cannot read IP mode file for STMicroelectronics.X-CUBE-TCPP.4.1.0
2024-08-03 13:05:36,607 [WARN] PackLoader:240 - Cannot read IP mode file for STMicroelectronics.X-CUBE-TOUCHGFX.4.21.1
2024-08-03 13:05:36,622 [WARN] PackLoader:240 - Cannot read IP mode file for STMicroelectronics.X-CUBE-TOUCHGFX.4.21.4
2024-08-03 13:05:36,640 [WARN] PackLoader:240 - Cannot read IP mode file for STMicroelectronics.X-CUBE-ALGOBUILD.1.3.0
2024-08-03 13:05:36,678 [WARN] PackLoader:240 - Cannot read IP mode file for STMicroelectronics.X-CUBE-AZRTOS-G0.1.1.0
2024-08-03 13:05:36,701 [WARN] PackLoader:240 - Cannot read IP mode file for STMicroelectronics.X-CUBE-SAFEA1.1.2.2
2024-08-03 13:05:36,720 [WARN] PackLoader:240 - Cannot read IP mode file for STMicroelectronics.X-CUBE-NFC4.3.0.0
2024-08-03 13:05:36,746 [WARN] PackLoader:240 - Cannot read IP mode file for EmbeddedOffice.I-CUBE-FS-RTOS.1.0.1
2024-08-03 13:05:36,746 [ERROR] ConditionMgr:805 - Attr not supported : Dmpu
2024-08-03 13:05:36,747 [ERROR] ConditionMgr:805 - Attr not supported : Dmpu
2024-08-03 13:05:36,747 [ERROR] ConditionMgr:805 - Attr not supported : Dmpu
2024-08-03 13:05:36,747 [ERROR] ConditionMgr:805 - Attr not supported : Dmpu
2024-08-03 13:05:36,747 [ERROR] ConditionMgr:805 - Attr not supported : Dmpu
2024-08-03 13:05:36,747 [ERROR] ConditionMgr:805 - Attr not supported : Dmpu
2024-08-03 13:05:36,747 [ERROR] ConditionMgr:805 - Attr not supported : Dmpu
2024-08-03 13:05:36,748 [ERROR] ConditionMgr:805 - Attr not supported : Dmpu
2024-08-03 13:05:36,748 [ERROR] ConditionMgr:805 - Attr not supported : Dmpu
2024-08-03 13:05:36,748 [ERROR] ConditionMgr:805 - Attr not supported : Dmpu
2024-08-03 13:05:36,748 [ERROR] ConditionMgr:805 - Attr not supported : Dmpu
2024-08-03 13:05:36,748 [ERROR] ConditionMgr:805 - Attr not supported : Dmpu
2024-08-03 13:05:36,748 [ERROR] ConditionMgr:805 - Attr not supported : Dmpu
2024-08-03 13:05:36,748 [ERROR] ConditionMgr:805 - Attr not supported : Dmpu
2024-08-03 13:05:36,748 [ERROR] ConditionMgr:805 - Attr not supported : Dmpu
2024-08-03 13:05:36,749 [ERROR] ConditionMgr:805 - Attr not supported : Dmpu
2024-08-03 13:05:36,749 [ERROR] ConditionMgr:805 - Attr not supported : Dmpu
2024-08-03 13:05:36,749 [ERROR] ConditionMgr:805 - Attr not supported : Dmpu
2024-08-03 13:05:36,749 [ERROR] ConditionMgr:805 - Attr not supported : Dmpu
2024-08-03 13:05:36,749 [ERROR] ConditionMgr:805 - Attr not supported : Dmpu
2024-08-03 13:05:36,750 [ERROR] ConditionMgr:805 - Attr not supported : Dmpu
2024-08-03 13:05:36,751 [ERROR] ConditionMgr:805 - Attr not supported : Dmpu
2024-08-03 13:05:36,751 [ERROR] ConditionMgr:805 - Attr not supported : Dmpu
2024-08-03 13:05:36,751 [ERROR] ConditionMgr:805 - Attr not supported : Dmpu
2024-08-03 13:05:36,751 [ERROR] ConditionMgr:805 - Attr not supported : Dmpu
2024-08-03 13:05:36,751 [ERROR] ConditionMgr:805 - Attr not supported : Dmpu
2024-08-03 13:05:36,752 [ERROR] ConditionMgr:805 - Attr not supported : Dmpu
2024-08-03 13:05:36,752 [ERROR] ConditionMgr:805 - Attr not supported : Dmpu
2024-08-03 13:05:36,752 [ERROR] ConditionMgr:805 - Attr not supported : Dmpu
2024-08-03 13:05:36,752 [ERROR] ConditionMgr:805 - Attr not supported : Dmpu
2024-08-03 13:05:36,752 [ERROR] ConditionMgr:805 - Attr not supported : Dmpu
2024-08-03 13:05:36,752 [ERROR] ConditionMgr:805 - Attr not supported : Dmpu
2024-08-03 13:05:36,752 [ERROR] ConditionMgr:805 - Attr not supported : Dmpu
2024-08-03 13:05:36,752 [ERROR] ConditionMgr:805 - Attr not supported : Dmpu
2024-08-03 13:05:36,752 [ERROR] ConditionMgr:805 - Attr not supported : Dmpu
2024-08-03 13:05:36,752 [ERROR] ConditionMgr:805 - Attr not supported : Dmpu
2024-08-03 13:05:36,752 [ERROR] ConditionMgr:805 - Attr not supported : Dmpu
2024-08-03 13:05:36,752 [ERROR] ConditionMgr:805 - Attr not supported : Dmpu
2024-08-03 13:05:36,752 [ERROR] ConditionMgr:805 - Attr not supported : Dmpu
2024-08-03 13:05:36,752 [ERROR] ConditionMgr:805 - Attr not supported : Dmpu
2024-08-03 13:05:36,752 [ERROR] ConditionMgr:805 - Attr not supported : Dmpu
2024-08-03 13:05:36,753 [ERROR] ConditionMgr:805 - Attr not supported : Dmpu
2024-08-03 13:05:36,753 [ERROR] ConditionMgr:805 - Attr not supported : Dmpu
2024-08-03 13:05:36,753 [ERROR] ConditionMgr:805 - Attr not supported : Dmpu
2024-08-03 13:05:36,753 [ERROR] ConditionMgr:805 - Attr not supported : Dmpu
2024-08-03 13:05:36,753 [ERROR] ConditionMgr:805 - Attr not supported : Dmpu
2024-08-03 13:05:36,753 [ERROR] ConditionMgr:805 - Attr not supported : Dmpu
2024-08-03 13:05:36,753 [ERROR] ConditionMgr:805 - Attr not supported : Dmpu
2024-08-03 13:05:36,754 [ERROR] ConditionMgr:805 - Attr not supported : Dmpu
2024-08-03 13:05:36,754 [ERROR] ConditionMgr:805 - Attr not supported : Dmpu
2024-08-03 13:05:36,754 [ERROR] ConditionMgr:805 - Attr not supported : Dmpu
2024-08-03 13:05:36,754 [ERROR] ConditionMgr:805 - Attr not supported : Dmpu
2024-08-03 13:05:36,754 [ERROR] ConditionMgr:805 - Attr not supported : Dmpu
2024-08-03 13:05:36,754 [ERROR] ConditionMgr:805 - Attr not supported : Dmpu
2024-08-03 13:05:36,754 [ERROR] ConditionMgr:805 - Attr not supported : Dmpu
2024-08-03 13:05:36,754 [ERROR] ConditionMgr:805 - Attr not supported : Dmpu
2024-08-03 13:05:36,754 [ERROR] ConditionMgr:805 - Attr not supported : Dmpu
2024-08-03 13:05:36,754 [ERROR] ConditionMgr:805 - Attr not supported : Dmpu
2024-08-03 13:05:36,754 [ERROR] ConditionMgr:805 - Attr not supported : Dmpu
2024-08-03 13:05:36,754 [ERROR] ConditionMgr:805 - Attr not supported : Dmpu
2024-08-03 13:05:36,754 [ERROR] ConditionMgr:805 - Attr not supported : Dmpu
2024-08-03 13:05:36,754 [ERROR] ConditionMgr:805 - Attr not supported : Dmpu
2024-08-03 13:05:36,754 [ERROR] ConditionMgr:805 - Attr not supported : Dmpu
2024-08-03 13:05:36,754 [ERROR] ConditionMgr:805 - Attr not supported : Dmpu
2024-08-03 13:05:36,777 [WARN] PackLoader:240 - Cannot read IP mode file for STMicroelectronics.X-CUBE-BLEMGR.1.3.0
2024-08-03 13:05:36,799 [WARN] PackLoader:240 - Cannot read IP mode file for RealThread.X-CUBE-RT-Thread_Nano.4.1.1
2024-08-03 13:05:36,815 [WARN] PackLoader:240 - Cannot read IP mode file for STMicroelectronics.FP-ATR-SIGFOX1.3.2.0
2024-08-03 13:05:36,833 [WARN] PackLoader:240 - Cannot read IP mode file for STMicroelectronics.X-CUBE-EEPRMA1.5.1.0
2024-08-03 13:05:36,851 [WARN] PackLoader:240 - Cannot read IP mode file for ITTIA_DB.I-CUBE-ITTIADB.8.9.0
2024-08-03 13:05:36,898 [WARN] PackLoader:240 - Cannot read IP mode file for STMicroelectronics.X-CUBE-MEMS1.9.5.0
2024-08-03 13:05:37,079 [WARN] PackLoader:240 - Cannot read IP mode file for SEGGER.I-CUBE-embOS.1.3.1
2024-08-03 13:05:37,138 [WARN] PackLoader:240 - Cannot read IP mode file for STMicroelectronics.X-CUBE-ALGOBUILD.1.4.0
2024-08-03 13:05:37,159 [WARN] PackLoader:240 - Cannot read IP mode file for STMicroelectronics.X-CUBE-GNSS1.6.0.0
2024-08-03 13:05:37,195 [WARN] PackLoader:240 - Cannot read IP mode file for STMicroelectronics.X-CUBE-AZRTOS-F4.1.1.0
2024-08-03 13:05:37,216 [WARN] PackLoader:240 - Cannot read IP mode file for STMicroelectronics.X-CUBE-FREERTOS.1.2.0
2024-08-03 13:05:37,253 [WARN] PackLoader:240 - Cannot read IP mode file for STMicroelectronics.X-CUBE-AZRTOS-L5.2.0.0
2024-08-03 13:05:37,314 [WARN] PackLoader:240 - Cannot read IP mode file for STMicroelectronics.X-CUBE-MEMS1.9.6.0
2024-08-03 13:05:37,484 [WARN] PackLoader:240 - Cannot read IP mode file for STMicroelectronics.X-CUBE-NFC6.3.1.0
2024-08-03 13:05:37,507 [WARN] PackLoader:240 - Cannot read IP mode file for emotas.I-CUBE-CANOPEN.1.1.3
2024-08-03 13:05:37,528 [WARN] PackLoader:240 - Cannot read IP mode file for STMicroelectronics.X-CUBE-BLEMGR.2.0.0
2024-08-03 13:05:37,548 [WARN] PackLoader:240 - Cannot read IP mode file for STMicroelectronics.X-CUBE-DPower.1.2.0
2024-08-03 13:05:37,567 [WARN] PackLoader:240 - Cannot read IP mode file for STMicroelectronics.X-CUBE-AI.9.0.0
2024-08-03 13:05:37,596 [WARN] ConditionMgr:438 - getConditionDescription Invalid condition id : UX DEVICE CLASS RTOS Condition cause : null
2024-08-03 13:05:37,597 [WARN] ConditionMgr:438 - getConditionDescription Invalid condition id : UX DEVICE CLASS RTOS Condition cause : null
2024-08-03 13:05:37,601 [WARN] PackLoader:240 - Cannot read IP mode file for STMicroelectronics.X-CUBE-AZRTOS-H7.3.1.0
2024-08-03 13:05:37,602 [WARN] ConditionMgr:1039 - genDependencies : Invalid condition id : UX DEVICE CLASS RTOS Condition cause : null
2024-08-03 13:05:37,603 [WARN] ConditionMgr:1039 - genDependencies : Invalid condition id : UX DEVICE CLASS RTOS Condition cause : null
2024-08-03 13:05:37,604 [WARN] ConditionMgr:1039 - genDependencies : Invalid condition id : UX DEVICE CLASS RTOS Condition cause : null
2024-08-03 13:05:37,605 [WARN] ConditionMgr:1039 - genDependencies : Invalid condition id : UX DEVICE CLASS RTOS Condition cause : null
2024-08-03 13:05:37,605 [WARN] ConditionMgr:1039 - genDependencies : Invalid condition id : UX DEVICE CLASS RTOS Condition cause : null
2024-08-03 13:05:37,623 [WARN] PackLoader:240 - Cannot read IP mode file for wolfSSL.I-CUBE-wolfSSL.5.5.4
2024-08-03 13:05:37,641 [WARN] PackLoader:240 - Cannot read IP mode file for STMicroelectronics.X-CUBE-NFC7.1.0.1
2024-08-03 13:05:37,658 [WARN] PackLoader:240 - Cannot read IP mode file for STMicroelectronics.X-CUBE-NFC7.1.0.0
2024-08-03 13:05:37,678 [WARN] PackLoader:240 - Cannot read IP mode file for wolfSSL.I-CUBE-wolfTPM.3.2.0
2024-08-03 13:05:37,698 [WARN] PackLoader:240 - Cannot read IP mode file for STMicroelectronics.X-CUBE-EEPRMA1.4.1.0
2024-08-03 13:05:37,733 [WARN] ConditionMgr:438 - getConditionDescription Invalid condition id : LAN8742 Phy interface Condition cause : null
2024-08-03 13:05:37,734 [WARN] PackLoader:240 - Cannot read IP mode file for STMicroelectronics.X-CUBE-AZRTOS-L4.2.0.0
2024-08-03 13:05:37,736 [WARN] ConditionMgr:1039 - genDependencies : Invalid condition id : LAN8742 Phy interface Condition cause : null
2024-08-03 13:05:37,736 [WARN] ConditionMgr:1039 - genDependencies : Invalid condition id : LAN8742 Phy interface Condition cause : null
2024-08-03 13:05:37,737 [WARN] ConditionMgr:1039 - genDependencies : Invalid condition id : LAN8742 Phy interface Condition cause : null
2024-08-03 13:05:37,761 [WARN] PackLoader:240 - Cannot read IP mode file for STMicroelectronics.X-CUBE-SFXS2LP1.4.0.0
2024-08-03 13:05:37,799 [WARN] PackLoader:240 - Cannot read IP mode file for STMicroelectronics.X-CUBE-AZRTOS-H7.3.0.0
2024-08-03 13:05:37,822 [WARN] PackLoader:240 - Cannot read IP mode file for STMicroelectronics.X-CUBE-ISPU.1.1.0
2024-08-03 13:05:37,847 [WARN] PackLoader:240 - Cannot read IP mode file for RoweBots.I-CUBE-UNISONRTOS.5.5.0-4
2024-08-03 13:05:37,868 [WARN] PackLoader:240 - Cannot read IP mode file for STMicroelectronics.X-CUBE-AI.8.0.0
2024-08-03 13:05:37,899 [WARN] ConditionMgr:438 - getConditionDescription Invalid condition id : UX DEVICE CLASS RTOS Condition cause : null
2024-08-03 13:05:37,900 [WARN] ConditionMgr:438 - getConditionDescription Invalid condition id : UX DEVICE CLASS RTOS Condition cause : null
2024-08-03 13:05:37,902 [WARN] PackLoader:240 - Cannot read IP mode file for STMicroelectronics.X-CUBE-AZRTOS-WB.2.0.0
2024-08-03 13:05:37,903 [WARN] ConditionMgr:1039 - genDependencies : Invalid condition id : UX DEVICE CLASS RTOS Condition cause : null
2024-08-03 13:05:37,904 [WARN] ConditionMgr:1039 - genDependencies : Invalid condition id : UX DEVICE CLASS RTOS Condition cause : null
2024-08-03 13:05:37,904 [WARN] ConditionMgr:1039 - genDependencies : Invalid condition id : UX DEVICE CLASS RTOS Condition cause : null
2024-08-03 13:05:37,904 [WARN] ConditionMgr:1039 - genDependencies : Invalid condition id : UX DEVICE CLASS RTOS Condition cause : null
2024-08-03 13:05:37,904 [WARN] ConditionMgr:1039 - genDependencies : Invalid condition id : UX DEVICE CLASS RTOS Condition cause : null
2024-08-03 13:05:37,926 [WARN] PackLoader:240 - Cannot read IP mode file for STMicroelectronics.X-CUBE-FREERTOS.1.0.0
2024-08-03 13:05:37,944 [WARN] PackLoader:240 - Cannot read IP mode file for STMicroelectronics.X-CUBE-FREERTOS.1.0.1
2024-08-03 13:05:37,967 [WARN] PackLoader:240 - Cannot read IP mode file for STMicroelectronics.FP-SNS-STBOX1.2.0.0
2024-08-03 13:05:38,005 [WARN] PackLoader:240 - Cannot read IP mode file for STMicroelectronics.X-CUBE-AZRTOS-L5.1.1.0
2024-08-03 13:05:38,023 [WARN] PackLoader:240 - Cannot read IP mode file for STMicroelectronics.X-CUBE-AI.8.0.1
2024-08-03 13:05:38,067 [WARN] PackLoader:240 - Cannot read IP mode file for STMicroelectronics.X-CUBE-SUBG2.5.0.0
2024-08-03 13:05:38,094 [WARN] PackLoader:240 - Cannot read IP mode file for Cesanta.I-CUBE-Mongoose.7.13.0
2024-08-03 13:05:38,134 [WARN] PackLoader:240 - Cannot read IP mode file for STMicroelectronics.X-CUBE-AZRTOS-G4.2.0.0
2024-08-03 13:05:38,162 [WARN] PackLoader:240 - Cannot read IP mode file for STMicroelectronics.X-CUBE-TOF1.3.3.0
2024-08-03 13:05:38,189 [WARN] PackLoader:240 - Cannot read IP mode file for STMicroelectronics.FP-ATR-ASTRA1.1.1.1
2024-08-03 13:05:38,226 [WARN] PackLoader:240 - Cannot read IP mode file for STMicroelectronics.X-CUBE-AZRTOS-G4.1.0.0
2024-08-03 13:05:38,261 [WARN] PackLoader:240 - Cannot read IP mode file for STMicroelectronics.X-CUBE-AZRTOS-L4.1.0.0
2024-08-03 13:05:38,276 [WARN] PackLoader:240 - Cannot read IP mode file for STMicroelectronics.X-CUBE-ISPU.2.0.0
2024-08-03 13:05:38,291 [WARN] PackLoader:240 - Cannot read IP mode file for STMicroelectronics.X-CUBE-ALS.1.0.2
2024-08-03 13:05:38,338 [WARN] PackLoader:240 - Cannot read IP mode file for STMicroelectronics.X-CUBE-MEMS1.10.0.0
2024-08-03 13:05:38,525 [WARN] PackLoader:240 - Cannot read IP mode file for STMicroelectronics.X-CUBE-TOUCHGFX.4.24.0
2024-08-03 13:05:38,571 [WARN] PackLoader:240 - Cannot read IP mode file for STMicroelectronics.X-CUBE-AZRTOS-WL.1.0.0
2024-08-03 13:05:38,605 [WARN] PackLoader:240 - Cannot read IP mode file for portGmbH.I-Cube-SoM-uGOAL.1.1.0
2024-08-03 13:05:38,630 [WARN] PackLoader:240 - Cannot read IP mode file for STMicroelectronics.X-CUBE-ALS.1.0.1
2024-08-03 13:05:38,669 [WARN] PackLoader:240 - Cannot read IP mode file for STMicroelectronics.X-CUBE-AZRTOS-WB.1.1.0
2024-08-03 13:05:38,710 [WARN] PackLoader:240 - Cannot read IP mode file for STMicroelectronics.X-CUBE-AZRTOS-H7RS.1.0.0
2024-08-03 13:05:38,732 [WARN] PackLoader:240 - Cannot read IP mode file for STMicroelectronics.FP-ATR-ASTRA1.2.0.0
2024-08-03 13:05:38,759 [WARN] PackLoader:240 - Cannot read IP mode file for STMicroelectronics.X-CUBE-TOF1.3.4.2
2024-08-03 13:05:38,791 [WARN] PackLoader:240 - Cannot read IP mode file for STMicroelectronics.X-CUBE-TOF1.3.4.1
2024-08-03 13:05:38,849 [WARN] PackLoader:240 - Cannot read IP mode file for STMicroelectronics.X-CUBE-AZRTOS-H7.3.2.0
2024-08-03 13:05:38,885 [WARN] PackLoader:240 - Cannot read IP mode file for Infineon.AIROC-Wi-Fi-Bluetooth-STM32.1.6.0
2024-08-03 13:05:38,910 [WARN] PackLoader:240 - Cannot read IP mode file for wolfSSL.I-CUBE-wolfSSH.1.4.17
2024-08-03 13:05:38,911 [INFO] ThirdParty:978 - Integrity check success = true
2024-08-03 13:05:38,912 [INFO] IntegrityCheckThread:100 - exiting critical section [integrity check]
2024-08-03 13:05:38,912 [INFO] IntegrityCheckThread:103 - End integrity checks thread
2024-08-03 13:05:39,025 [INFO] WebApp:167 - Instantiating new browser for Auth
2024-08-03 13:05:40,081 [INFO] WebApp:448 - Apply proxy settings
2024-08-03 13:05:40,082 [INFO] WebApp:533 - Chromium requires no authentication
2024-08-03 13:05:40,096 [INFO] WebApp:476 - Direct internet connection detected
2024-08-03 13:05:40,132 [INFO] WebApp:869 - Register for checkConnection events
2024-08-03 13:05:40,132 [INFO] WebApp:448 - Apply proxy settings
2024-08-03 13:05:40,132 [INFO] WebApp:533 - Chromium requires no authentication
2024-08-03 13:05:40,133 [INFO] WebApp:476 - Direct internet connection detected
2024-08-03 13:05:40,369 [INFO] WebApp:220 - Starting web application
2024-08-03 13:05:40,369 [INFO] WebApp:578 - Web application path used C:\ST\STM32CubeIDE_1.16.0\STM32CubeIDE\plugins\com.st.stm32cube.common.mx_6.12.0.202406281431\db\plugins\mcufinder\reactClient1\index.html
2024-08-03 13:05:40,547 [INFO] UserAuth:417 - Internet connection configuration mode: 1
2024-08-03 13:05:40,572 [INFO] WebApp:186 - Connection restablished
