2024-07-20 18:41:37,467 [INFO] Activator:176 - 


2024-07-20 18:41:37,473 [INFO] Activator:177 - !SESSION log4j initialized
2024-07-20 18:41:44,917 [INFO] LogOutputStream:77 - [STDOUT_REDIRECT] 
2024-07-20 18:41:46,270 [INFO] ApplicationProperties:184 - Using Application install path: C:\ST\STM32CubeIDE_1.16.0\STM32CubeIDE\plugins\com.st.stm32cube.common.mx_6.12.0.202406281431
2024-07-20 18:41:46,292 [INFO] DbMcusXml:78 - Set database path to: C:\ST\STM32CubeIDE_1.16.0\STM32CubeIDE\plugins\com.st.stm32cube.common.mx_6.12.0.202406281431\\db\/mcu/
2024-07-20 18:41:46,292 [INFO] ApiDb:274 - Set plugin database path to: C:\ST\STM32CubeIDE_1.16.0\STM32CubeIDE\plugins\com.st.stm32cube.common.mx_6.12.0.202406281431\\db\/plugins/boardmanager/
2024-07-20 18:41:46,293 [WARN] ApiDb:259 - Overriding images path with different value:  => C:\ST\STM32CubeIDE_1.16.0\STM32CubeIDE\plugins\com.st.stm32cube.common.mx_6.12.0.202406281431\\db\/plugins/mcufinder/images/
2024-07-20 18:41:46,311 [INFO] ApiDb:250 - Set database path to: C:\Users\Quinn\.stmcufinder\plugins\mcufinder//mcu/
2024-07-20 18:41:46,313 [INFO] DbMcusAds:125 - Set database path to: C:\Users\Quinn\.stmcufinder\plugins\mcufinder//mcu/
2024-07-20 18:41:46,316 [INFO] CrossReferenceDbSqlite:203 - Set database path to: C:\Users\Quinn\.stmcufinder\plugins\mcufinder//mcu/cs/
2024-07-20 18:41:46,434 [INFO] RulesReader:64 - Compatibility file has been processed (297 Rules)
2024-07-20 18:41:46,541 [INFO] DbMcusXml:78 - Set database path to: C:\ST\STM32CubeIDE_1.16.0\STM32CubeIDE\plugins\com.st.stm32cube.common.mx_6.12.0.202406281431\\db\/mcu/
2024-07-20 18:41:46,542 [INFO] ApiDb:274 - Set plugin database path to: C:\ST\STM32CubeIDE_1.16.0\STM32CubeIDE\plugins\com.st.stm32cube.common.mx_6.12.0.202406281431\\db\/plugins/boardmanager/
2024-07-20 18:41:46,542 [INFO] ApiDb:261 - Set plugin images path to: C:\ST\STM32CubeIDE_1.16.0\STM32CubeIDE\plugins\com.st.stm32cube.common.mx_6.12.0.202406281431\\db\/plugins/mcufinder/images/
2024-07-20 18:41:46,542 [WARN] DbFile:41 - Overriding database path with different value: C:\Users\Quinn\.stmcufinder\plugins\mcufinder/ => C:\Users\Quinn\.stmcufinder\plugins\mcufinder
2024-07-20 18:41:46,542 [INFO] ApiDb:250 - Set database path to: C:\Users\Quinn\.stmcufinder\plugins\mcufinder//mcu/
2024-07-20 18:41:46,542 [WARN] DbFile:41 - Overriding database path with different value: C:\Users\Quinn\.stmcufinder\plugins\mcufinder/ => C:\Users\Quinn\.stmcufinder\plugins\mcufinder
2024-07-20 18:41:46,542 [INFO] DbMcusAds:125 - Set database path to: C:\Users\Quinn\.stmcufinder\plugins\mcufinder//mcu/
2024-07-20 18:41:46,542 [WARN] DbFile:41 - Overriding database path with different value: C:\Users\Quinn\.stmcufinder\plugins\mcufinder/ => C:\Users\Quinn\.stmcufinder\plugins\mcufinder
2024-07-20 18:41:46,542 [WARN] DbFile:41 - Overriding database path with different value: C:\Users\Quinn\.stmcufinder\plugins\mcufinder/ => C:\Users\Quinn\.stmcufinder\plugins\mcufinder
2024-07-20 18:41:46,542 [INFO] CrossReferenceDbSqlite:203 - Set database path to: C:\Users\Quinn\.stmcufinder\plugins\mcufinder//mcu/cs/
2024-07-20 18:41:46,645 [INFO] MainPanel:268 - HeapMemory: 268435456
2024-07-20 18:41:46,754 [INFO] DbMcusXml:78 - Set database path to: C:\ST\STM32CubeIDE_1.16.0\STM32CubeIDE\plugins\com.st.stm32cube.common.mx_6.12.0.202406281431\\db\/mcu/
2024-07-20 18:41:46,754 [INFO] ApiDb:274 - Set plugin database path to: C:\ST\STM32CubeIDE_1.16.0\STM32CubeIDE\plugins\com.st.stm32cube.common.mx_6.12.0.202406281431\\db\/plugins/boardmanager/
2024-07-20 18:41:46,754 [INFO] ApiDb:261 - Set plugin images path to: C:\ST\STM32CubeIDE_1.16.0\STM32CubeIDE\plugins\com.st.stm32cube.common.mx_6.12.0.202406281431\\db\/plugins/mcufinder/images/
2024-07-20 18:41:46,755 [WARN] DbFile:41 - Overriding database path with different value: C:\Users\Quinn\.stmcufinder\plugins\mcufinder/ => C:\Users\Quinn\.stmcufinder\plugins\mcufinder
2024-07-20 18:41:46,755 [INFO] ApiDb:250 - Set database path to: C:\Users\Quinn\.stmcufinder\plugins\mcufinder//mcu/
2024-07-20 18:41:46,755 [WARN] DbFile:41 - Overriding database path with different value: C:\Users\Quinn\.stmcufinder\plugins\mcufinder/ => C:\Users\Quinn\.stmcufinder\plugins\mcufinder
2024-07-20 18:41:46,755 [INFO] DbMcusAds:125 - Set database path to: C:\Users\Quinn\.stmcufinder\plugins\mcufinder//mcu/
2024-07-20 18:41:46,755 [WARN] DbFile:41 - Overriding database path with different value: C:\Users\Quinn\.stmcufinder\plugins\mcufinder/ => C:\Users\Quinn\.stmcufinder\plugins\mcufinder
2024-07-20 18:41:46,755 [WARN] DbFile:41 - Overriding database path with different value: C:\Users\Quinn\.stmcufinder\plugins\mcufinder/ => C:\Users\Quinn\.stmcufinder\plugins\mcufinder
2024-07-20 18:41:46,755 [INFO] CrossReferenceDbSqlite:203 - Set database path to: C:\Users\Quinn\.stmcufinder\plugins\mcufinder//mcu/cs/
2024-07-20 18:41:46,774 [INFO] ApplicationProperties:184 - Using Application install path: C:\ST\STM32CubeIDE_1.16.0\STM32CubeIDE\plugins\com.st.stm32cube.common.mx_6.12.0.202406281431
2024-07-20 18:41:46,776 [INFO] PluginManage:196 - Search for loadable plugins [exclusion list=, ]
2024-07-20 18:41:46,778 [INFO] PluginManage:310 - Check plugin analytics
2024-07-20 18:41:46,970 [INFO] AnalyticsPlugin:253 - Accepted Software Licenses: STM32CubeMX.6.12.0
2024-07-20 18:41:46,971 [INFO] AnalyticsPlugin:255 - Accepted CMSIS Pack Licenses: 
2024-07-20 18:41:46,971 [INFO] AnalyticsPlugin:257 - Accepted Firmware Licenses: 
2024-07-20 18:41:46,974 [INFO] PluginManage:359 - Loaded plugin analytics (category:tool,tabindex:-1)
2024-07-20 18:41:46,975 [INFO] PluginManage:310 - Check plugin cadmodel
2024-07-20 18:41:46,992 [INFO] CADModel:105 - Init CAD model plugin
2024-07-20 18:41:46,993 [INFO] PluginManage:359 - Loaded plugin cadmodel (category:power,tabindex:5)
2024-07-20 18:41:46,993 [INFO] PluginManage:310 - Check plugin clock
2024-07-20 18:41:47,018 [INFO] PluginManage:359 - Loaded plugin clock (category:base,tabindex:2)
2024-07-20 18:41:47,018 [INFO] PluginManage:310 - Check plugin ddr
2024-07-20 18:41:47,023 [INFO] PluginManage:359 - Loaded plugin ddr (category:tool,tabindex:6)
2024-07-20 18:41:47,023 [INFO] PluginManage:310 - Check plugin filemanager
2024-07-20 18:41:47,187 [INFO] PluginManage:359 - Loaded plugin filemanager (category:base,tabindex:10)
2024-07-20 18:41:47,187 [INFO] PluginManage:310 - Check plugin ipmanager
2024-07-20 18:41:47,196 [INFO] PluginManage:359 - Loaded plugin ipmanager (category:base,tabindex:5)
2024-07-20 18:41:47,197 [INFO] PluginManage:310 - Check plugin lpbam
2024-07-20 18:41:47,214 [INFO] PluginManage:359 - Loaded plugin lpbam (category:base,tabindex:0)
2024-07-20 18:41:47,215 [INFO] PluginManage:310 - Check plugin memorymap
2024-07-20 18:41:47,241 [INFO] PluginManage:359 - Loaded plugin memorymap (category:base,tabindex:4)
2024-07-20 18:41:47,241 [INFO] PluginManage:310 - Check plugin pinoutandconfiguration
2024-07-20 18:41:47,259 [INFO] PluginManage:359 - Loaded plugin pinoutandconfiguration (category:base,tabindex:1)
2024-07-20 18:41:47,259 [INFO] PluginManage:310 - Check plugin pinoutconfig
2024-07-20 18:41:47,388 [WARN] SupportedApi:132 - Cannot load RTOS API schema: s4s-elt-must-match.1: The content of 'definitions' must match (annotation?, (simpleType | complexType)?, (unique | key | keyref)*)). A problem was found starting at: attribute.
2024-07-20 18:41:47,542 [INFO] PluginManage:359 - Loaded plugin pinoutconfig (category:base,tabindex:0)
2024-07-20 18:41:47,542 [INFO] PluginManage:310 - Check plugin power
2024-07-20 18:41:47,563 [INFO] PluginManage:359 - Loaded plugin power (category:power,tabindex:4)
2024-07-20 18:41:47,563 [INFO] PluginManage:310 - Check plugin projectmanager
2024-07-20 18:41:47,579 [INFO] PluginManage:359 - Loaded plugin projectmanager (category:projectmanager,tabindex:4)
2024-07-20 18:41:47,580 [INFO] PluginManage:310 - Check plugin rif
2024-07-20 18:41:47,596 [INFO] PluginManage:359 - Loaded plugin rif (category:base,tabindex:3)
2024-07-20 18:41:47,597 [INFO] PluginManage:310 - Check plugin thirdparty
2024-07-20 18:41:47,944 [INFO] PluginManage:359 - Loaded plugin thirdparty (category:base,tabindex:-1)
2024-07-20 18:41:47,944 [WARN] IntegrityCheckThread:84 - waiting for thirdparty lock release [integrity check]
2024-07-20 18:41:47,945 [INFO] PluginManage:310 - Check plugin tools
2024-07-20 18:41:47,945 [INFO] IntegrityCheckThread:86 - entering critical section [integrity check]
2024-07-20 18:41:47,945 [INFO] ThirdPartyUpdaterWithRetryManager:70 - Updater plugin not ready yet. [1/15]
2024-07-20 18:41:47,988 [INFO] PluginManage:359 - Loaded plugin tools (category:base,tabindex:7)
2024-07-20 18:41:47,989 [INFO] PluginManage:310 - Check plugin tutovideos
2024-07-20 18:41:48,213 [INFO] PluginManage:359 - Loaded plugin tutovideos (category:base,tabindex:-1)
2024-07-20 18:41:48,213 [INFO] PluginManage:310 - Check plugin updater
2024-07-20 18:41:48,233 [INFO] PluginManage:359 - Loaded plugin updater (category:base,tabindex:12)
2024-07-20 18:41:48,233 [INFO] PluginManage:310 - Check plugin userauth
2024-07-20 18:41:48,240 [INFO] UserAuth:113 - Init User Auth plugin
2024-07-20 18:41:48,240 [INFO] PluginManage:359 - Loaded plugin userauth (category:base,tabindex:14)
2024-07-20 18:41:48,241 [INFO] PluginManage:283 - PluginManage : Loaded plugins [18]
2024-07-20 18:41:48,474 [INFO] PinOutPanel:1561 - setPackage(No Configuration,No Configuration)
2024-07-20 18:41:48,570 [INFO] CADModel:165 - CPN selected for project level
2024-07-20 18:41:48,570 [INFO] CADModel:114 - Register for checkConnection events
2024-07-20 18:41:48,598 [INFO] IPUIPlugin:80 - create IPUIPlugin
2024-07-20 18:41:48,598 [INFO] PluginManager:220 - loadIPPluginJar : add adc
2024-07-20 18:41:48,641 [INFO] IPUIPlugin:80 - create IPUIPlugin
2024-07-20 18:41:48,641 [INFO] PluginManager:220 - loadIPPluginJar : add aes
2024-07-20 18:41:48,687 [INFO] IPUIPlugin:80 - create IPUIPlugin
2024-07-20 18:41:48,687 [INFO] PluginManager:220 - loadIPPluginJar : add can
2024-07-20 18:41:48,713 [INFO] IPUIPlugin:80 - create IPUIPlugin
2024-07-20 18:41:48,713 [INFO] PluginManager:220 - loadIPPluginJar : add comp
2024-07-20 18:41:48,751 [INFO] IPUIPlugin:80 - create IPUIPlugin
2024-07-20 18:41:48,751 [INFO] PluginManager:220 - loadIPPluginJar : add cryp
2024-07-20 18:41:48,765 [INFO] IPUIPlugin:80 - create IPUIPlugin
2024-07-20 18:41:48,766 [INFO] PluginManager:220 - loadIPPluginJar : add ddr_ctrl_phy
2024-07-20 18:41:48,800 [INFO] IPUIPlugin:80 - create IPUIPlugin
2024-07-20 18:41:48,800 [INFO] PluginManager:220 - loadIPPluginJar : add dfsdm
2024-07-20 18:41:48,815 [INFO] IPUIPlugin:80 - create IPUIPlugin
2024-07-20 18:41:48,816 [INFO] PluginManager:220 - loadIPPluginJar : add dma
2024-07-20 18:41:48,867 [INFO] IPUIPlugin:80 - create IPUIPlugin
2024-07-20 18:41:48,867 [INFO] PluginManager:220 - loadIPPluginJar : add dma3
2024-07-20 18:41:48,917 [INFO] IPUIPlugin:80 - create IPUIPlugin
2024-07-20 18:41:48,917 [INFO] PluginManager:220 - loadIPPluginJar : add extmemmanager
2024-07-20 18:41:48,942 [INFO] IPUIPlugin:80 - create IPUIPlugin
2024-07-20 18:41:48,942 [INFO] PluginManager:220 - loadIPPluginJar : add fatfs
2024-07-20 18:41:48,993 [INFO] IPUIPlugin:80 - create IPUIPlugin
2024-07-20 18:41:48,994 [INFO] PluginManager:220 - loadIPPluginJar : add fmc
2024-07-20 18:41:49,010 [INFO] IPUIPlugin:80 - create IPUIPlugin
2024-07-20 18:41:49,010 [INFO] PluginManager:220 - loadIPPluginJar : add freertos
2024-07-20 18:41:49,034 [INFO] IPUIPlugin:80 - create IPUIPlugin
2024-07-20 18:41:49,034 [INFO] PluginManager:220 - loadIPPluginJar : add genericplugin
2024-07-20 18:41:49,144 [INFO] IPUIPlugin:80 - create IPUIPlugin
2024-07-20 18:41:49,144 [INFO] PluginManager:220 - loadIPPluginJar : add gfxmmu
2024-07-20 18:41:49,296 [INFO] IPUIPlugin:80 - create IPUIPlugin
2024-07-20 18:41:49,307 [INFO] PluginManager:220 - loadIPPluginJar : add gic
2024-07-20 18:41:49,321 [INFO] IPUIPlugin:80 - create IPUIPlugin
2024-07-20 18:41:49,322 [INFO] PluginManager:220 - loadIPPluginJar : add gpio
2024-07-20 18:41:49,425 [INFO] IPUIPlugin:80 - create IPUIPlugin
2024-07-20 18:41:49,426 [INFO] PluginManager:220 - loadIPPluginJar : add gtzc
2024-07-20 18:41:49,463 [INFO] IPUIPlugin:80 - create IPUIPlugin
2024-07-20 18:41:49,463 [INFO] PluginManager:220 - loadIPPluginJar : add hash
2024-07-20 18:41:49,525 [INFO] IPUIPlugin:80 - create IPUIPlugin
2024-07-20 18:41:49,526 [INFO] PluginManager:220 - loadIPPluginJar : add i2c
2024-07-20 18:41:49,569 [INFO] IPUIPlugin:80 - create IPUIPlugin
2024-07-20 18:41:49,570 [INFO] PluginManager:220 - loadIPPluginJar : add i2s
2024-07-20 18:41:49,617 [INFO] IPUIPlugin:80 - create IPUIPlugin
2024-07-20 18:41:49,617 [INFO] PluginManager:220 - loadIPPluginJar : add i3c
2024-07-20 18:41:49,732 [INFO] IPUIPlugin:80 - create IPUIPlugin
2024-07-20 18:41:49,733 [INFO] PluginManager:220 - loadIPPluginJar : add ipddr
2024-07-20 18:41:49,840 [INFO] IPUIPlugin:80 - create IPUIPlugin
2024-07-20 18:41:49,840 [INFO] PluginManager:220 - loadIPPluginJar : add linkedlist
2024-07-20 18:41:49,883 [INFO] IPUIPlugin:80 - create IPUIPlugin
2024-07-20 18:41:49,883 [INFO] PluginManager:220 - loadIPPluginJar : add lorawan
2024-07-20 18:41:49,925 [INFO] IPUIPlugin:80 - create IPUIPlugin
2024-07-20 18:41:49,925 [INFO] PluginManager:220 - loadIPPluginJar : add ltdc
2024-07-20 18:41:49,941 [INFO] IPUIPlugin:80 - create IPUIPlugin
2024-07-20 18:41:49,941 [INFO] PluginManager:220 - loadIPPluginJar : add mdma
2024-07-20 18:41:49,953 [INFO] IPUIPlugin:80 - create IPUIPlugin
2024-07-20 18:41:49,954 [INFO] PluginManager:220 - loadIPPluginJar : add nvic
2024-07-20 18:41:49,994 [INFO] IPUIPlugin:80 - create IPUIPlugin
2024-07-20 18:41:49,994 [INFO] PluginManager:220 - loadIPPluginJar : add opamp
2024-07-20 18:41:50,066 [INFO] IPUIPlugin:80 - create IPUIPlugin
2024-07-20 18:41:50,066 [INFO] PluginManager:220 - loadIPPluginJar : add openamp
2024-07-20 18:41:50,114 [INFO] IPUIPlugin:80 - create IPUIPlugin
2024-07-20 18:41:50,114 [INFO] PluginManager:220 - loadIPPluginJar : add pdm2pcm
2024-07-20 18:41:50,128 [INFO] IPUIPlugin:80 - create IPUIPlugin
2024-07-20 18:41:50,130 [INFO] PluginManager:220 - loadIPPluginJar : add plateformsettings
2024-07-20 18:41:50,156 [INFO] IPUIPlugin:80 - create IPUIPlugin
2024-07-20 18:41:50,156 [INFO] PluginManager:220 - loadIPPluginJar : add quadspi
2024-07-20 18:41:50,186 [INFO] IPUIPlugin:80 - create IPUIPlugin
2024-07-20 18:41:50,186 [INFO] PluginManager:220 - loadIPPluginJar : add radio
2024-07-20 18:41:50,200 [INFO] IPUIPlugin:80 - create IPUIPlugin
2024-07-20 18:41:50,200 [INFO] PluginManager:220 - loadIPPluginJar : add resmgrutility
2024-07-20 18:41:50,252 [INFO] IPUIPlugin:80 - create IPUIPlugin
2024-07-20 18:41:50,252 [INFO] PluginManager:220 - loadIPPluginJar : add sai
2024-07-20 18:41:50,295 [INFO] IPUIPlugin:80 - create IPUIPlugin
2024-07-20 18:41:50,295 [INFO] PluginManager:220 - loadIPPluginJar : add spi
2024-07-20 18:41:50,373 [INFO] IPUIPlugin:80 - create IPUIPlugin
2024-07-20 18:41:50,374 [INFO] PluginManager:220 - loadIPPluginJar : add stm32_wpan
2024-07-20 18:41:50,401 [INFO] IPUIPlugin:80 - create IPUIPlugin
2024-07-20 18:41:50,401 [INFO] PluginManager:220 - loadIPPluginJar : add tim
2024-07-20 18:41:50,469 [INFO] IPUIPlugin:80 - create IPUIPlugin
2024-07-20 18:41:50,470 [INFO] PluginManager:220 - loadIPPluginJar : add touchsensing
2024-07-20 18:41:50,495 [INFO] IPUIPlugin:80 - create IPUIPlugin
2024-07-20 18:41:50,495 [INFO] PluginManager:220 - loadIPPluginJar : add tracer_emb
2024-07-20 18:41:50,522 [INFO] IPUIPlugin:80 - create IPUIPlugin
2024-07-20 18:41:50,522 [INFO] PluginManager:220 - loadIPPluginJar : add ts
2024-07-20 18:41:50,547 [INFO] IPUIPlugin:80 - create IPUIPlugin
2024-07-20 18:41:50,547 [INFO] PluginManager:220 - loadIPPluginJar : add tsc
2024-07-20 18:41:50,572 [INFO] IPUIPlugin:80 - create IPUIPlugin
2024-07-20 18:41:50,572 [INFO] PluginManager:220 - loadIPPluginJar : add ucpd
2024-07-20 18:41:50,621 [INFO] IPUIPlugin:80 - create IPUIPlugin
2024-07-20 18:41:50,621 [INFO] PluginManager:220 - loadIPPluginJar : add usart
2024-07-20 18:41:50,669 [INFO] IPUIPlugin:80 - create IPUIPlugin
2024-07-20 18:41:50,670 [INFO] PluginManager:220 - loadIPPluginJar : add usbx
2024-07-20 18:41:50,804 [INFO] CADModel:165 - CPN selected for project level
2024-07-20 18:41:50,804 [INFO] CADModel:114 - Register for checkConnection events
2024-07-20 18:41:50,804 [FATAL] Updater:334 - Updater called before beeing initialized
2024-07-20 18:41:50,805 [ERROR] CADModel:125 - Updater not yet initialized, retry later 
2024-07-20 18:41:50,946 [INFO] ThirdPartyUpdaterWithRetryManager:70 - Updater plugin not ready yet. [2/15]
2024-07-20 18:41:50,960 [INFO] CADModel:165 - CPN selected for project level
2024-07-20 18:41:50,960 [INFO] CADModel:114 - Register for checkConnection events
2024-07-20 18:41:50,960 [FATAL] Updater:334 - Updater called before beeing initialized
2024-07-20 18:41:50,960 [ERROR] CADModel:125 - Updater not yet initialized, retry later 
2024-07-20 18:41:50,963 [FATAL] Updater:334 - Updater called before beeing initialized
2024-07-20 18:41:51,081 [FATAL] Updater:334 - Updater called before beeing initialized
2024-07-20 18:41:51,092 [INFO] DbMcusAds:53 - JSON generation date=Thu May 16 05:22:01 EDT 2024 (1715851321109)
2024-07-20 18:41:51,092 [FATAL] Updater:334 - Updater called before beeing initialized
2024-07-20 18:41:51,133 [WARN] DetailPanel:346 - Failed to get advertising image, set to default
2024-07-20 18:41:51,233 [FATAL] Updater:334 - Updater called before beeing initialized
2024-07-20 18:41:51,236 [FATAL] Updater:334 - Updater called before beeing initialized
2024-07-20 18:41:51,236 [FATAL] Updater:334 - Updater called before beeing initialized
2024-07-20 18:41:51,236 [WARN] DetailPanel:346 - Failed to get advertising image, set to default
2024-07-20 18:41:51,237 [FATAL] Updater:334 - Updater called before beeing initialized
2024-07-20 18:41:51,324 [ERROR] Updater:1164 - MainUpdater not yet initialized. External WinMGr cannot be set.
2024-07-20 18:41:51,336 [INFO] Updater:1100 - Updater Version found : 6.12.0
2024-07-20 18:41:51,359 [INFO] ApplicationProperties:184 - Using Application install path: C:\ST\STM32CubeIDE_1.16.0\STM32CubeIDE\plugins\com.st.stm32cube.common.mx_6.12.0.202406281431
2024-07-20 18:41:51,773 [INFO] MainUpdater:2873 - connection check result : 10
2024-07-20 18:41:51,774 [INFO] MainUpdater:290 - Updater Check For Update Now.
2024-07-20 18:41:51,774 [INFO] MicroXplorer:498 - Change Database Version : DB.6.0.120
2024-07-20 18:41:51,795 [INFO] McuFinderGlobals:63 - Set McuFinder mode to 2 (CubeIDE integrated)
2024-07-20 18:41:51,803 [INFO] UserAuth:417 - Internet connection configuration mode: 1
2024-07-20 18:41:51,852 [INFO] JxBrowserEngine:152 - Initiate JxBrowser Engine with user profile folder
2024-07-20 18:41:51,992 [INFO] CheckServerUpdateThread:120 - End of CheckServer Thread
2024-07-20 18:41:54,236 [WARN] PackLoader:240 - Cannot read IP mode file for STMicroelectronics.FP-SNS-MOTENVWB1.1.4.0
2024-07-20 18:41:54,260 [WARN] PackLoader:240 - Cannot read IP mode file for STMicroelectronics.X-CUBE-SMBUS.2.1.0
2024-07-20 18:41:54,311 [WARN] PackLoader:240 - Cannot read IP mode file for STMicroelectronics.X-CUBE-AZRTOS-F7.1.1.0
2024-07-20 18:41:54,343 [ERROR] RealEvaluatedCondition:428 - Found unsupported composite condition: GROUP='STM32_MetaDataManager' CLASS='Data Exchange'
2024-07-20 18:41:54,344 [ERROR] RealEvaluatedCondition:428 - Found unsupported composite condition: GROUP='STM32_MetaDataManager' CLASS='Data Exchange'
2024-07-20 18:41:54,346 [WARN] PackLoader:240 - Cannot read IP mode file for STMicroelectronics.FP-SNS-MOTENV1.4.3.0
2024-07-20 18:41:54,371 [WARN] PackLoader:240 - Cannot read IP mode file for STMicroelectronics.FP-SNS-FLIGHT1.5.0.0
2024-07-20 18:41:54,401 [WARN] PackLoader:240 - Cannot read IP mode file for STMicroelectronics.X-CUBE-BLE1.6.2.4
2024-07-20 18:41:54,422 [WARN] PackLoader:240 - Cannot read IP mode file for STMicroelectronics.FP-SNS-FLIGHT1.5.0.2
2024-07-20 18:41:54,447 [WARN] PackLoader:240 - Cannot read IP mode file for STMicroelectronics.X-CUBE-DISPLAY.3.0.0
2024-07-20 18:41:54,471 [WARN] PackLoader:240 - Cannot read IP mode file for STMicroelectronics.X-CUBE-BLE1.7.0.0
2024-07-20 18:41:54,497 [WARN] PackLoader:240 - Cannot read IP mode file for STMicroelectronics.X-CUBE-BLEMGR.3.1.0
2024-07-20 18:41:54,518 [WARN] PackLoader:240 - Cannot read IP mode file for STMicroelectronics.FP-SNS-SMARTAG2.1.2.0
2024-07-20 18:41:54,545 [INFO] LogOutputStream:77 - [STDOUT_REDIRECT] 1 : Invalid condition id : UX_CORESTACK_Condition cause : null
2024-07-20 18:41:54,546 [INFO] LogOutputStream:77 - [STDOUT_REDIRECT] 1 : Invalid condition id : UX_CORESTACK_Condition cause : null
2024-07-20 18:41:54,547 [INFO] LogOutputStream:77 - [STDOUT_REDIRECT] 1 : Invalid condition id : UX_CORESTACK_Condition cause : null
2024-07-20 18:41:54,550 [INFO] LogOutputStream:77 - [STDOUT_REDIRECT] 1 : Invalid condition id : UX_CORESTACK_Condition cause : null
2024-07-20 18:41:54,551 [INFO] LogOutputStream:77 - [STDOUT_REDIRECT] 1 : Invalid condition id : UX_CORESTACK_Condition cause : null
2024-07-20 18:41:54,554 [WARN] PackLoader:240 - Cannot read IP mode file for STMicroelectronics.X-CUBE-AZRTOS-WL.2.0.0
2024-07-20 18:41:54,569 [WARN] PackLoader:240 - Cannot read IP mode file for STMicroelectronics.FP-SNS-MOTENV1.5.0.0
2024-07-20 18:41:54,583 [WARN] PackLoader:240 - Cannot read IP mode file for wolfSSL.I-CUBE-wolfMQTT.1.19.0
2024-07-20 18:41:54,600 [WARN] PackLoader:240 - Cannot read IP mode file for WES.I-CUBE-Cesium.1.3.0
2024-07-20 18:41:54,613 [WARN] PackLoader:240 - Cannot read IP mode file for STMicroelectronics.X-CUBE-BLE2.3.3.0
2024-07-20 18:41:54,635 [WARN] PackLoader:240 - Cannot read IP mode file for STMicroelectronics.X-CUBE-TOF1.3.2.0
2024-07-20 18:41:54,657 [WARN] PackLoader:240 - Cannot read IP mode file for STMicroelectronics.X-CUBE-TCPP.4.1.0
2024-07-20 18:41:54,680 [WARN] PackLoader:240 - Cannot read IP mode file for STMicroelectronics.X-CUBE-TOUCHGFX.4.21.1
2024-07-20 18:41:54,694 [WARN] PackLoader:240 - Cannot read IP mode file for STMicroelectronics.X-CUBE-TOUCHGFX.4.21.4
2024-07-20 18:41:54,712 [WARN] PackLoader:240 - Cannot read IP mode file for STMicroelectronics.X-CUBE-ALGOBUILD.1.3.0
2024-07-20 18:41:54,749 [WARN] PackLoader:240 - Cannot read IP mode file for STMicroelectronics.X-CUBE-AZRTOS-G0.1.1.0
2024-07-20 18:41:54,769 [WARN] PackLoader:240 - Cannot read IP mode file for STMicroelectronics.X-CUBE-SAFEA1.1.2.2
2024-07-20 18:41:54,787 [WARN] PackLoader:240 - Cannot read IP mode file for STMicroelectronics.X-CUBE-NFC4.3.0.0
2024-07-20 18:41:54,809 [WARN] PackLoader:240 - Cannot read IP mode file for EmbeddedOffice.I-CUBE-FS-RTOS.1.0.1
2024-07-20 18:41:54,809 [ERROR] ConditionMgr:805 - Attr not supported : Dmpu
2024-07-20 18:41:54,809 [ERROR] ConditionMgr:805 - Attr not supported : Dmpu
2024-07-20 18:41:54,809 [ERROR] ConditionMgr:805 - Attr not supported : Dmpu
2024-07-20 18:41:54,809 [ERROR] ConditionMgr:805 - Attr not supported : Dmpu
2024-07-20 18:41:54,809 [ERROR] ConditionMgr:805 - Attr not supported : Dmpu
2024-07-20 18:41:54,809 [ERROR] ConditionMgr:805 - Attr not supported : Dmpu
2024-07-20 18:41:54,809 [ERROR] ConditionMgr:805 - Attr not supported : Dmpu
2024-07-20 18:41:54,810 [ERROR] ConditionMgr:805 - Attr not supported : Dmpu
2024-07-20 18:41:54,810 [ERROR] ConditionMgr:805 - Attr not supported : Dmpu
2024-07-20 18:41:54,810 [ERROR] ConditionMgr:805 - Attr not supported : Dmpu
2024-07-20 18:41:54,810 [ERROR] ConditionMgr:805 - Attr not supported : Dmpu
2024-07-20 18:41:54,810 [ERROR] ConditionMgr:805 - Attr not supported : Dmpu
2024-07-20 18:41:54,810 [ERROR] ConditionMgr:805 - Attr not supported : Dmpu
2024-07-20 18:41:54,810 [ERROR] ConditionMgr:805 - Attr not supported : Dmpu
2024-07-20 18:41:54,810 [ERROR] ConditionMgr:805 - Attr not supported : Dmpu
2024-07-20 18:41:54,810 [ERROR] ConditionMgr:805 - Attr not supported : Dmpu
2024-07-20 18:41:54,811 [ERROR] ConditionMgr:805 - Attr not supported : Dmpu
2024-07-20 18:41:54,811 [ERROR] ConditionMgr:805 - Attr not supported : Dmpu
2024-07-20 18:41:54,811 [ERROR] ConditionMgr:805 - Attr not supported : Dmpu
2024-07-20 18:41:54,811 [ERROR] ConditionMgr:805 - Attr not supported : Dmpu
2024-07-20 18:41:54,811 [ERROR] ConditionMgr:805 - Attr not supported : Dmpu
2024-07-20 18:41:54,811 [ERROR] ConditionMgr:805 - Attr not supported : Dmpu
2024-07-20 18:41:54,811 [ERROR] ConditionMgr:805 - Attr not supported : Dmpu
2024-07-20 18:41:54,811 [ERROR] ConditionMgr:805 - Attr not supported : Dmpu
2024-07-20 18:41:54,811 [ERROR] ConditionMgr:805 - Attr not supported : Dmpu
2024-07-20 18:41:54,811 [ERROR] ConditionMgr:805 - Attr not supported : Dmpu
2024-07-20 18:41:54,811 [ERROR] ConditionMgr:805 - Attr not supported : Dmpu
2024-07-20 18:41:54,811 [ERROR] ConditionMgr:805 - Attr not supported : Dmpu
2024-07-20 18:41:54,812 [ERROR] ConditionMgr:805 - Attr not supported : Dmpu
2024-07-20 18:41:54,812 [ERROR] ConditionMgr:805 - Attr not supported : Dmpu
2024-07-20 18:41:54,812 [ERROR] ConditionMgr:805 - Attr not supported : Dmpu
2024-07-20 18:41:54,812 [ERROR] ConditionMgr:805 - Attr not supported : Dmpu
2024-07-20 18:41:54,812 [ERROR] ConditionMgr:805 - Attr not supported : Dmpu
2024-07-20 18:41:54,812 [ERROR] ConditionMgr:805 - Attr not supported : Dmpu
2024-07-20 18:41:54,812 [ERROR] ConditionMgr:805 - Attr not supported : Dmpu
2024-07-20 18:41:54,812 [ERROR] ConditionMgr:805 - Attr not supported : Dmpu
2024-07-20 18:41:54,812 [ERROR] ConditionMgr:805 - Attr not supported : Dmpu
2024-07-20 18:41:54,812 [ERROR] ConditionMgr:805 - Attr not supported : Dmpu
2024-07-20 18:41:54,812 [ERROR] ConditionMgr:805 - Attr not supported : Dmpu
2024-07-20 18:41:54,813 [ERROR] ConditionMgr:805 - Attr not supported : Dmpu
2024-07-20 18:41:54,813 [ERROR] ConditionMgr:805 - Attr not supported : Dmpu
2024-07-20 18:41:54,813 [ERROR] ConditionMgr:805 - Attr not supported : Dmpu
2024-07-20 18:41:54,813 [ERROR] ConditionMgr:805 - Attr not supported : Dmpu
2024-07-20 18:41:54,813 [ERROR] ConditionMgr:805 - Attr not supported : Dmpu
2024-07-20 18:41:54,813 [ERROR] ConditionMgr:805 - Attr not supported : Dmpu
2024-07-20 18:41:54,813 [ERROR] ConditionMgr:805 - Attr not supported : Dmpu
2024-07-20 18:41:54,813 [ERROR] ConditionMgr:805 - Attr not supported : Dmpu
2024-07-20 18:41:54,813 [ERROR] ConditionMgr:805 - Attr not supported : Dmpu
2024-07-20 18:41:54,813 [ERROR] ConditionMgr:805 - Attr not supported : Dmpu
2024-07-20 18:41:54,813 [ERROR] ConditionMgr:805 - Attr not supported : Dmpu
2024-07-20 18:41:54,813 [ERROR] ConditionMgr:805 - Attr not supported : Dmpu
2024-07-20 18:41:54,813 [ERROR] ConditionMgr:805 - Attr not supported : Dmpu
2024-07-20 18:41:54,813 [ERROR] ConditionMgr:805 - Attr not supported : Dmpu
2024-07-20 18:41:54,814 [ERROR] ConditionMgr:805 - Attr not supported : Dmpu
2024-07-20 18:41:54,814 [ERROR] ConditionMgr:805 - Attr not supported : Dmpu
2024-07-20 18:41:54,814 [ERROR] ConditionMgr:805 - Attr not supported : Dmpu
2024-07-20 18:41:54,814 [ERROR] ConditionMgr:805 - Attr not supported : Dmpu
2024-07-20 18:41:54,814 [ERROR] ConditionMgr:805 - Attr not supported : Dmpu
2024-07-20 18:41:54,814 [ERROR] ConditionMgr:805 - Attr not supported : Dmpu
2024-07-20 18:41:54,814 [ERROR] ConditionMgr:805 - Attr not supported : Dmpu
2024-07-20 18:41:54,814 [ERROR] ConditionMgr:805 - Attr not supported : Dmpu
2024-07-20 18:41:54,814 [ERROR] ConditionMgr:805 - Attr not supported : Dmpu
2024-07-20 18:41:54,814 [ERROR] ConditionMgr:805 - Attr not supported : Dmpu
2024-07-20 18:41:54,814 [ERROR] ConditionMgr:805 - Attr not supported : Dmpu
2024-07-20 18:41:54,845 [WARN] PackLoader:240 - Cannot read IP mode file for STMicroelectronics.X-CUBE-BLEMGR.1.3.0
2024-07-20 18:41:54,876 [WARN] PackLoader:240 - Cannot read IP mode file for RealThread.X-CUBE-RT-Thread_Nano.4.1.1
2024-07-20 18:41:54,894 [WARN] PackLoader:240 - Cannot read IP mode file for STMicroelectronics.FP-ATR-SIGFOX1.3.2.0
2024-07-20 18:41:54,913 [WARN] PackLoader:240 - Cannot read IP mode file for STMicroelectronics.X-CUBE-EEPRMA1.5.1.0
2024-07-20 18:41:54,935 [WARN] PackLoader:240 - Cannot read IP mode file for ITTIA_DB.I-CUBE-ITTIADB.8.9.0
2024-07-20 18:41:55,085 [WARN] PackLoader:240 - Cannot read IP mode file for STMicroelectronics.X-CUBE-MEMS1.9.5.0
2024-07-20 18:41:55,242 [WARN] PackLoader:240 - Cannot read IP mode file for SEGGER.I-CUBE-embOS.1.3.1
2024-07-20 18:41:55,349 [WARN] PackLoader:240 - Cannot read IP mode file for STMicroelectronics.X-CUBE-ALGOBUILD.1.4.0
2024-07-20 18:41:55,374 [WARN] PackLoader:240 - Cannot read IP mode file for STMicroelectronics.X-CUBE-GNSS1.6.0.0
2024-07-20 18:41:55,420 [WARN] PackLoader:240 - Cannot read IP mode file for STMicroelectronics.X-CUBE-AZRTOS-F4.1.1.0
2024-07-20 18:41:55,446 [WARN] PackLoader:240 - Cannot read IP mode file for STMicroelectronics.X-CUBE-FREERTOS.1.2.0
2024-07-20 18:41:55,481 [WARN] PackLoader:240 - Cannot read IP mode file for STMicroelectronics.X-CUBE-AZRTOS-L5.2.0.0
2024-07-20 18:41:55,550 [WARN] PackLoader:240 - Cannot read IP mode file for STMicroelectronics.X-CUBE-MEMS1.9.6.0
2024-07-20 18:41:55,714 [WARN] PackLoader:240 - Cannot read IP mode file for STMicroelectronics.X-CUBE-NFC6.3.1.0
2024-07-20 18:41:55,726 [INFO] WebApp:167 - Instantiating new browser for Auth
2024-07-20 18:41:55,739 [WARN] PackLoader:240 - Cannot read IP mode file for emotas.I-CUBE-CANOPEN.1.1.3
2024-07-20 18:41:55,770 [WARN] PackLoader:240 - Cannot read IP mode file for STMicroelectronics.X-CUBE-BLEMGR.2.0.0
2024-07-20 18:41:55,802 [WARN] PackLoader:240 - Cannot read IP mode file for STMicroelectronics.X-CUBE-DPower.1.2.0
2024-07-20 18:41:55,832 [WARN] PackLoader:240 - Cannot read IP mode file for STMicroelectronics.X-CUBE-AI.9.0.0
2024-07-20 18:41:55,874 [WARN] ConditionMgr:438 - getConditionDescription Invalid condition id : UX DEVICE CLASS RTOS Condition cause : null
2024-07-20 18:41:55,874 [WARN] ConditionMgr:438 - getConditionDescription Invalid condition id : UX DEVICE CLASS RTOS Condition cause : null
2024-07-20 18:41:55,878 [WARN] PackLoader:240 - Cannot read IP mode file for STMicroelectronics.X-CUBE-AZRTOS-H7.3.1.0
2024-07-20 18:41:55,880 [WARN] ConditionMgr:1039 - genDependencies : Invalid condition id : UX DEVICE CLASS RTOS Condition cause : null
2024-07-20 18:41:55,881 [WARN] ConditionMgr:1039 - genDependencies : Invalid condition id : UX DEVICE CLASS RTOS Condition cause : null
2024-07-20 18:41:55,882 [WARN] ConditionMgr:1039 - genDependencies : Invalid condition id : UX DEVICE CLASS RTOS Condition cause : null
2024-07-20 18:41:55,883 [WARN] ConditionMgr:1039 - genDependencies : Invalid condition id : UX DEVICE CLASS RTOS Condition cause : null
2024-07-20 18:41:55,883 [WARN] ConditionMgr:1039 - genDependencies : Invalid condition id : UX DEVICE CLASS RTOS Condition cause : null
2024-07-20 18:41:55,906 [WARN] PackLoader:240 - Cannot read IP mode file for wolfSSL.I-CUBE-wolfSSL.5.5.4
2024-07-20 18:41:55,928 [WARN] PackLoader:240 - Cannot read IP mode file for STMicroelectronics.X-CUBE-NFC7.1.0.1
2024-07-20 18:41:55,957 [WARN] PackLoader:240 - Cannot read IP mode file for STMicroelectronics.X-CUBE-NFC7.1.0.0
2024-07-20 18:41:55,982 [WARN] PackLoader:240 - Cannot read IP mode file for wolfSSL.I-CUBE-wolfTPM.3.2.0
2024-07-20 18:41:56,003 [WARN] PackLoader:240 - Cannot read IP mode file for STMicroelectronics.X-CUBE-EEPRMA1.4.1.0
2024-07-20 18:41:56,046 [WARN] ConditionMgr:438 - getConditionDescription Invalid condition id : LAN8742 Phy interface Condition cause : null
2024-07-20 18:41:56,048 [WARN] PackLoader:240 - Cannot read IP mode file for STMicroelectronics.X-CUBE-AZRTOS-L4.2.0.0
2024-07-20 18:41:56,050 [WARN] ConditionMgr:1039 - genDependencies : Invalid condition id : LAN8742 Phy interface Condition cause : null
2024-07-20 18:41:56,050 [WARN] ConditionMgr:1039 - genDependencies : Invalid condition id : LAN8742 Phy interface Condition cause : null
2024-07-20 18:41:56,051 [WARN] ConditionMgr:1039 - genDependencies : Invalid condition id : LAN8742 Phy interface Condition cause : null
2024-07-20 18:41:56,072 [WARN] PackLoader:240 - Cannot read IP mode file for STMicroelectronics.X-CUBE-SFXS2LP1.4.0.0
2024-07-20 18:41:56,114 [WARN] PackLoader:240 - Cannot read IP mode file for STMicroelectronics.X-CUBE-AZRTOS-H7.3.0.0
2024-07-20 18:41:56,138 [WARN] PackLoader:240 - Cannot read IP mode file for STMicroelectronics.X-CUBE-ISPU.1.1.0
2024-07-20 18:41:56,161 [WARN] PackLoader:240 - Cannot read IP mode file for RoweBots.I-CUBE-UNISONRTOS.5.5.0-4
2024-07-20 18:41:56,179 [WARN] PackLoader:240 - Cannot read IP mode file for STMicroelectronics.X-CUBE-AI.8.0.0
2024-07-20 18:41:56,203 [WARN] ConditionMgr:438 - getConditionDescription Invalid condition id : UX DEVICE CLASS RTOS Condition cause : null
2024-07-20 18:41:56,203 [WARN] ConditionMgr:438 - getConditionDescription Invalid condition id : UX DEVICE CLASS RTOS Condition cause : null
2024-07-20 18:41:56,204 [WARN] PackLoader:240 - Cannot read IP mode file for STMicroelectronics.X-CUBE-AZRTOS-WB.2.0.0
2024-07-20 18:41:56,205 [WARN] ConditionMgr:1039 - genDependencies : Invalid condition id : UX DEVICE CLASS RTOS Condition cause : null
2024-07-20 18:41:56,205 [WARN] ConditionMgr:1039 - genDependencies : Invalid condition id : UX DEVICE CLASS RTOS Condition cause : null
2024-07-20 18:41:56,205 [WARN] ConditionMgr:1039 - genDependencies : Invalid condition id : UX DEVICE CLASS RTOS Condition cause : null
2024-07-20 18:41:56,206 [WARN] ConditionMgr:1039 - genDependencies : Invalid condition id : UX DEVICE CLASS RTOS Condition cause : null
2024-07-20 18:41:56,206 [WARN] ConditionMgr:1039 - genDependencies : Invalid condition id : UX DEVICE CLASS RTOS Condition cause : null
2024-07-20 18:41:56,220 [WARN] PackLoader:240 - Cannot read IP mode file for STMicroelectronics.X-CUBE-FREERTOS.1.0.0
2024-07-20 18:41:56,234 [WARN] PackLoader:240 - Cannot read IP mode file for STMicroelectronics.X-CUBE-FREERTOS.1.0.1
2024-07-20 18:41:56,260 [WARN] PackLoader:240 - Cannot read IP mode file for STMicroelectronics.X-CUBE-AZRTOS-L5.1.1.0
2024-07-20 18:41:56,283 [WARN] PackLoader:240 - Cannot read IP mode file for STMicroelectronics.X-CUBE-AI.8.0.1
2024-07-20 18:41:56,310 [WARN] PackLoader:240 - Cannot read IP mode file for STMicroelectronics.X-CUBE-SUBG2.5.0.0
2024-07-20 18:41:56,331 [WARN] PackLoader:240 - Cannot read IP mode file for Cesanta.I-CUBE-Mongoose.7.13.0
2024-07-20 18:41:56,360 [WARN] PackLoader:240 - Cannot read IP mode file for STMicroelectronics.X-CUBE-AZRTOS-G4.2.0.0
2024-07-20 18:41:56,387 [WARN] PackLoader:240 - Cannot read IP mode file for STMicroelectronics.X-CUBE-TOF1.3.3.0
2024-07-20 18:41:56,410 [WARN] PackLoader:240 - Cannot read IP mode file for STMicroelectronics.FP-ATR-ASTRA1.1.1.1
2024-07-20 18:41:56,443 [WARN] PackLoader:240 - Cannot read IP mode file for STMicroelectronics.X-CUBE-AZRTOS-G4.1.0.0
2024-07-20 18:41:56,473 [WARN] PackLoader:240 - Cannot read IP mode file for STMicroelectronics.X-CUBE-AZRTOS-L4.1.0.0
2024-07-20 18:41:56,500 [WARN] PackLoader:240 - Cannot read IP mode file for STMicroelectronics.X-CUBE-ISPU.2.0.0
2024-07-20 18:41:56,515 [WARN] PackLoader:240 - Cannot read IP mode file for STMicroelectronics.X-CUBE-ALS.1.0.2
2024-07-20 18:41:56,582 [WARN] PackLoader:240 - Cannot read IP mode file for STMicroelectronics.X-CUBE-MEMS1.10.0.0
2024-07-20 18:41:56,690 [WARN] PackLoader:240 - Cannot read IP mode file for STMicroelectronics.X-CUBE-TOUCHGFX.4.24.0
2024-07-20 18:41:56,716 [WARN] PackLoader:240 - Cannot read IP mode file for STMicroelectronics.X-CUBE-AZRTOS-WL.1.0.0
2024-07-20 18:41:56,740 [WARN] PackLoader:240 - Cannot read IP mode file for portGmbH.I-Cube-SoM-uGOAL.1.1.0
2024-07-20 18:41:56,760 [WARN] PackLoader:240 - Cannot read IP mode file for STMicroelectronics.X-CUBE-ALS.1.0.1
2024-07-20 18:41:56,790 [WARN] PackLoader:240 - Cannot read IP mode file for STMicroelectronics.X-CUBE-AZRTOS-WB.1.1.0
2024-07-20 18:41:56,834 [WARN] PackLoader:240 - Cannot read IP mode file for STMicroelectronics.X-CUBE-AZRTOS-H7RS.1.0.0
2024-07-20 18:41:56,854 [WARN] PackLoader:240 - Cannot read IP mode file for STMicroelectronics.FP-ATR-ASTRA1.2.0.0
2024-07-20 18:41:56,877 [WARN] PackLoader:240 - Cannot read IP mode file for STMicroelectronics.X-CUBE-TOF1.3.4.1
2024-07-20 18:41:56,937 [WARN] PackLoader:240 - Cannot read IP mode file for STMicroelectronics.X-CUBE-AZRTOS-H7.3.2.0
2024-07-20 18:41:56,996 [WARN] PackLoader:240 - Cannot read IP mode file for Infineon.AIROC-Wi-Fi-Bluetooth-STM32.1.6.0
2024-07-20 18:41:57,024 [WARN] PackLoader:240 - Cannot read IP mode file for wolfSSL.I-CUBE-wolfSSH.1.4.17
2024-07-20 18:41:57,025 [INFO] ThirdParty:978 - Integrity check success = true
2024-07-20 18:41:57,026 [INFO] IntegrityCheckThread:100 - exiting critical section [integrity check]
2024-07-20 18:41:57,026 [INFO] IntegrityCheckThread:103 - End integrity checks thread
2024-07-20 18:41:57,188 [INFO] WebApp:448 - Apply proxy settings
2024-07-20 18:41:57,188 [INFO] WebApp:533 - Chromium requires no authentication
2024-07-20 18:41:57,205 [INFO] WebApp:476 - Direct internet connection detected
2024-07-20 18:41:57,244 [INFO] WebApp:869 - Register for checkConnection events
2024-07-20 18:41:57,244 [INFO] WebApp:448 - Apply proxy settings
2024-07-20 18:41:57,244 [INFO] WebApp:533 - Chromium requires no authentication
2024-07-20 18:41:57,245 [INFO] WebApp:476 - Direct internet connection detected
2024-07-20 18:41:57,448 [INFO] WebApp:186 - Connection restablished
2024-07-20 18:41:57,548 [INFO] WebApp:220 - Starting web application
2024-07-20 18:41:57,548 [INFO] WebApp:578 - Web application path used C:\ST\STM32CubeIDE_1.16.0\STM32CubeIDE\plugins\com.st.stm32cube.common.mx_6.12.0.202406281431\db\plugins\mcufinder\reactClient1\index.html
2024-07-20 18:41:57,706 [INFO] UserAuth:417 - Internet connection configuration mode: 1
2024-07-20 20:18:45,373 [ERROR] LogOutputStream:75 - [STDERR_REDIRECT] 
