2024-07-20 18:41:37,467 [INFO] Activator:176 - 


2024-07-20 18:41:37,473 [INFO] Activator:177 - !SESSION log4j initialized
2024-07-20 18:41:44,917 [INFO] LogOutputStream:77 - [STDOUT_REDIRECT] 
2024-07-20 18:41:46,270 [INFO] ApplicationProperties:184 - Using Application install path: C:\ST\STM32CubeIDE_1.16.0\STM32CubeIDE\plugins\com.st.stm32cube.common.mx_6.12.0.202406281431
2024-07-20 18:41:46,292 [INFO] DbMcusXml:78 - Set database path to: C:\ST\STM32CubeIDE_1.16.0\STM32CubeIDE\plugins\com.st.stm32cube.common.mx_6.12.0.202406281431\\db\/mcu/
2024-07-20 18:41:46,292 [INFO] ApiDb:274 - Set plugin database path to: C:\ST\STM32CubeIDE_1.16.0\STM32CubeIDE\plugins\com.st.stm32cube.common.mx_6.12.0.202406281431\\db\/plugins/boardmanager/
2024-07-20 18:41:46,293 [WARN] ApiDb:259 - Overriding images path with different value:  => C:\ST\STM32CubeIDE_1.16.0\STM32CubeIDE\plugins\com.st.stm32cube.common.mx_6.12.0.202406281431\\db\/plugins/mcufinder/images/
2024-07-20 18:41:46,311 [INFO] ApiDb:250 - Set database path to: C:\Users\Quinn\.stmcufinder\plugins\mcufinder//mcu/
2024-07-20 18:41:46,313 [INFO] DbMcusAds:125 - Set database path to: C:\Users\Quinn\.stmcufinder\plugins\mcufinder//mcu/
2024-07-20 18:41:46,316 [INFO] CrossReferenceDbSqlite:203 - Set database path to: C:\Users\Quinn\.stmcufinder\plugins\mcufinder//mcu/cs/
2024-07-20 18:41:46,434 [INFO] RulesReader:64 - Compatibility file has been processed (297 Rules)
2024-07-20 18:41:46,541 [INFO] DbMcusXml:78 - Set database path to: C:\ST\STM32CubeIDE_1.16.0\STM32CubeIDE\plugins\com.st.stm32cube.common.mx_6.12.0.202406281431\\db\/mcu/
2024-07-20 18:41:46,542 [INFO] ApiDb:274 - Set plugin database path to: C:\ST\STM32CubeIDE_1.16.0\STM32CubeIDE\plugins\com.st.stm32cube.common.mx_6.12.0.202406281431\\db\/plugins/boardmanager/
2024-07-20 18:41:46,542 [INFO] ApiDb:261 - Set plugin images path to: C:\ST\STM32CubeIDE_1.16.0\STM32CubeIDE\plugins\com.st.stm32cube.common.mx_6.12.0.202406281431\\db\/plugins/mcufinder/images/
2024-07-20 18:41:46,542 [WARN] DbFile:41 - Overriding database path with different value: C:\Users\Quinn\.stmcufinder\plugins\mcufinder/ => C:\Users\Quinn\.stmcufinder\plugins\mcufinder
2024-07-20 18:41:46,542 [INFO] ApiDb:250 - Set database path to: C:\Users\Quinn\.stmcufinder\plugins\mcufinder//mcu/
2024-07-20 18:41:46,542 [WARN] DbFile:41 - Overriding database path with different value: C:\Users\Quinn\.stmcufinder\plugins\mcufinder/ => C:\Users\Quinn\.stmcufinder\plugins\mcufinder
2024-07-20 18:41:46,542 [INFO] DbMcusAds:125 - Set database path to: C:\Users\Quinn\.stmcufinder\plugins\mcufinder//mcu/
2024-07-20 18:41:46,542 [WARN] DbFile:41 - Overriding database path with different value: C:\Users\Quinn\.stmcufinder\plugins\mcufinder/ => C:\Users\Quinn\.stmcufinder\plugins\mcufinder
2024-07-20 18:41:46,542 [WARN] DbFile:41 - Overriding database path with different value: C:\Users\Quinn\.stmcufinder\plugins\mcufinder/ => C:\Users\Quinn\.stmcufinder\plugins\mcufinder
2024-07-20 18:41:46,542 [INFO] CrossReferenceDbSqlite:203 - Set database path to: C:\Users\Quinn\.stmcufinder\plugins\mcufinder//mcu/cs/
